Add Component: Footprint Not Found CAPC1005X55N
Add Component: Footprint Not Found CAPC1608X80N
Add Component: Footprint Not Found CAPC5750X280N
Add Component: Footprint Not Found TPS55288RPMR
Add Component: Footprint Not Found XAL6030182MEB
Add Component: Footprint Not Found XAL40XX
Add Component: Footprint Not Found RESC1005X40N
Add Component: Footprint Not Found RESC2012X60N
Add Pin To Net: Unknown Pin: Pin C6-1
Add Pin To Net: Unknown Pin: Pin C6-2
Add Pin To Net: Unknown Pin: Pin C24-1
Add Pin To Net: Unknown Pin: Pin C24-2
Add Pin To Net: Unknown Pin: Pin C25-1
Add Pin To Net: Unknown Pin: Pin C25-2
Add Pin To Net: Unknown Pin: Pin IC5-1
Add Pin To Net: Unknown Pin: Pin IC5-2
Add Pin To Net: Unknown Pin: Pin IC5-3
Add Pin To Net: Unknown Pin: Pin IC5-4
Add Pin To Net: Unknown Pin: Pin IC5-7
Add Pin To Net: Unknown Pin: Pin IC5-8
Add Pin To Net: Unknown Pin: Pin IC5-9
Add Pin To Net: Unknown Pin: Pin IC5-10
Add Pin To Net: Unknown Pin: Pin IC5-11
Add Pin To Net: Unknown Pin: Pin IC5-12
Add Pin To Net: Unknown Pin: Pin IC5-13
Add Pin To Net: Unknown Pin: Pin IC5-14
Add Pin To Net: Unknown Pin: Pin IC5-15
Add Pin To Net: Unknown Pin: Pin IC5-17
Add Pin To Net: Unknown Pin: Pin IC5-18
Add Pin To Net: Unknown Pin: Pin IC5-19
Add Pin To Net: Unknown Pin: Pin IC5-20
Add Pin To Net: Unknown Pin: Pin IC5-21
Add Pin To Net: Unknown Pin: Pin IC5-22
Add Pin To Net: Unknown Pin: Pin IC5-23
Add Pin To Net: Unknown Pin: Pin IC5-24
Add Pin To Net: Unknown Pin: Pin IC5-25
Add Pin To Net: Unknown Pin: Pin IC5-26
Add Pin To Net: Unknown Pin: Pin IC5-27
Add Pin To Net: Unknown Pin: Pin IC5-28
Add Pin To Net: Unknown Pin: Pin IC5-29
Add Pin To Net: Unknown Pin: Pin IC5-30
Add Pin To Net: Unknown Pin: Pin L1-1
Add Pin To Net: Unknown Pin: Pin L1-2
Add Pin To Net: Unknown Pin: Pin L2-1
Add Pin To Net: Unknown Pin: Pin L2-2
Add Pin To Net: Unknown Pin: Pin R6-1
Add Pin To Net: Unknown Pin: Pin R6-2
Add Pin To Net: Unknown Pin: Pin R21-1
Add Pin To Net: Unknown Pin: Pin R21-2
Added Member To Class: ClassName=PowerManagement Member=Component C4 CBR04C108B1GAC
Add Class Member: Failed to add class member : Component C6 GRM155R71C102KA01D
Add Class Member: Failed to add class member : Component C24 C1608X6S1C475K080AC
Add Class Member: Failed to add class member : Component C25 CGA9P2X7R1E226M250KA
Add Class Member: Failed to add class member : Component IC5 TPS55288RPMR
Add Class Member: Failed to add class member : Component L1 XAL6030-182MEB
Add Class Member: Failed to add class member : Component L2 XAL4020-102MEC
Add Class Member: Failed to add class member : Component R6 CRCW0402294KFKED
Add Class Member: Failed to add class member : Component R21 RT0805BRD0710K4L
Added Room: Name=IMU Unit
Added Room: Name=IrArray
Added Room: Name=MicroController
Added Room: Name=MotorControl
Added Room: Name=PowerManagement
