Removed Pin From Net: NetName=+5 Pin=J6-1
Removed Pin From Net: NetName=SERVO_1 Pin=J6-2
Removed Pin From Net: NetName=GND Pin=J6-3
Removed Pin From Net: NetName=+5 Pin=J9-1
Removed Pin From Net: NetName=SERVO_5 Pin=J9-2
Removed Pin From Net: NetName=GND Pin=J9-3
Removed Pin From Net: NetName=+5 Pin=J10-1
Removed Pin From Net: NetName=SERVO_2 Pin=J10-2
Removed Pin From Net: NetName=GND Pin=J10-3
Removed Pin From Net: NetName=+5 Pin=J12-1
Removed Pin From Net: NetName=SERVO_3 Pin=J12-2
Removed Pin From Net: NetName=GND Pin=J12-3
Removed Pin From Net: NetName=+5 Pin=J13-1
Removed Pin From Net: NetName=SERVO_4 Pin=J13-2
Removed Pin From Net: NetName=GND Pin=J13-3
Added Pin To Net: NetName=GND Pin=J6-1
Added Pin To Net: NetName=+5 Pin=J6-2
Added Pin To Net: NetName=SERVO_1 Pin=J6-3
Added Pin To Net: NetName=GND Pin=J9-1
Added Pin To Net: NetName=+5 Pin=J9-2
Added Pin To Net: NetName=SERVO_5 Pin=J9-3
Added Pin To Net: NetName=GND Pin=J10-1
Added Pin To Net: NetName=+5 Pin=J10-2
Added Pin To Net: NetName=SERVO_2 Pin=J10-3
Added Pin To Net: NetName=GND Pin=J12-1
Added Pin To Net: NetName=+5 Pin=J12-2
Added Pin To Net: NetName=SERVO_3 Pin=J12-3
Added Pin To Net: NetName=GND Pin=J13-1
Added Pin To Net: NetName=+5 Pin=J13-2
Added Pin To Net: NetName=SERVO_4 Pin=J13-3
