Add Component: Footprint Not Found CAPC5750X280N
Add Component: Footprint Not Found CAPC1005X55N
Add Component: Footprint Not Found CAPC1608X80N
Add Component: Footprint Not Found TPS55288RPMR
Added Component: Designator=J?(BM07BGHSTBTLFSN)
Add component (AddParameter): Name = "Arrow Part Number"; Value = ""; VariantName = "[No Variations]"
Add component (AddParameter): Name = "Arrow Price/Stock"; Value = ""; VariantName = "[No Variations]"
Add component (AddParameter): Name = "Datasheet Link"; Value = "http://www.jst-mfg.com/product/pdf/eng/eGH.pdf"; VariantName = "[No Variations]"
Add component (AddParameter): Name = "Height"; Value = "4.05mm"; VariantName = "[No Variations]"
Add component (AddParameter): Name = "Manufacturer_Name"; Value = "JST (JAPAN SOLDERLESS TERMINALS)"; VariantName = "[No Variations]"
Add component (AddParameter): Name = "Manufacturer_Part_Number"; Value = "BM07B-GHS-TBT (LF)(SN)"; VariantName = "[No Variations]"
Add component (AddParameter): Name = "Mouser Part Number"; Value = ""; VariantName = "[No Variations]"
Add component (AddParameter): Name = "Mouser Price/Stock"; Value = ""; VariantName = "[No Variations]"
Added Component: Designator=J?(BM07BGHSTBTLFSN)
Add component (AddParameter): Name = "Arrow Part Number"; Value = ""; VariantName = "[No Variations]"
Add component (AddParameter): Name = "Arrow Price/Stock"; Value = ""; VariantName = "[No Variations]"
Add component (AddParameter): Name = "Datasheet Link"; Value = "http://www.jst-mfg.com/product/pdf/eng/eGH.pdf"; VariantName = "[No Variations]"
Add component (AddParameter): Name = "Height"; Value = "4.05mm"; VariantName = "[No Variations]"
Add component (AddParameter): Name = "Manufacturer_Name"; Value = "JST (JAPAN SOLDERLESS TERMINALS)"; VariantName = "[No Variations]"
Add component (AddParameter): Name = "Manufacturer_Part_Number"; Value = "BM07B-GHS-TBT (LF)(SN)"; VariantName = "[No Variations]"
Add component (AddParameter): Name = "Mouser Part Number"; Value = ""; VariantName = "[No Variations]"
Add component (AddParameter): Name = "Mouser Price/Stock"; Value = ""; VariantName = "[No Variations]"
Added Component: Designator=J?(BM07BGHSTBTLFSN)
Add component (AddParameter): Name = "Arrow Part Number"; Value = ""; VariantName = "[No Variations]"
Add component (AddParameter): Name = "Arrow Price/Stock"; Value = ""; VariantName = "[No Variations]"
Add component (AddParameter): Name = "Datasheet Link"; Value = "http://www.jst-mfg.com/product/pdf/eng/eGH.pdf"; VariantName = "[No Variations]"
Add component (AddParameter): Name = "Height"; Value = "4.05mm"; VariantName = "[No Variations]"
Add component (AddParameter): Name = "Manufacturer_Name"; Value = "JST (JAPAN SOLDERLESS TERMINALS)"; VariantName = "[No Variations]"
Add component (AddParameter): Name = "Manufacturer_Part_Number"; Value = "BM07B-GHS-TBT (LF)(SN)"; VariantName = "[No Variations]"
Add component (AddParameter): Name = "Mouser Part Number"; Value = ""; VariantName = "[No Variations]"
Add component (AddParameter): Name = "Mouser Price/Stock"; Value = ""; VariantName = "[No Variations]"
Added Component: Designator=J?(BM07BGHSTBTLFSN)
Add component (AddParameter): Name = "Arrow Part Number"; Value = ""; VariantName = "[No Variations]"
Add component (AddParameter): Name = "Arrow Price/Stock"; Value = ""; VariantName = "[No Variations]"
Add component (AddParameter): Name = "Datasheet Link"; Value = "http://www.jst-mfg.com/product/pdf/eng/eGH.pdf"; VariantName = "[No Variations]"
Add component (AddParameter): Name = "Height"; Value = "4.05mm"; VariantName = "[No Variations]"
Add component (AddParameter): Name = "Manufacturer_Name"; Value = "JST (JAPAN SOLDERLESS TERMINALS)"; VariantName = "[No Variations]"
Add component (AddParameter): Name = "Manufacturer_Part_Number"; Value = "BM07B-GHS-TBT (LF)(SN)"; VariantName = "[No Variations]"
Add component (AddParameter): Name = "Mouser Part Number"; Value = ""; VariantName = "[No Variations]"
Add component (AddParameter): Name = "Mouser Price/Stock"; Value = ""; VariantName = "[No Variations]"
Added Component: Designator=J?(BM07BGHSTBTLFSN)
Add component (AddParameter): Name = "Arrow Part Number"; Value = ""; VariantName = "[No Variations]"
Add component (AddParameter): Name = "Arrow Price/Stock"; Value = ""; VariantName = "[No Variations]"
Add component (AddParameter): Name = "Datasheet Link"; Value = "http://www.jst-mfg.com/product/pdf/eng/eGH.pdf"; VariantName = "[No Variations]"
Add component (AddParameter): Name = "Height"; Value = "4.05mm"; VariantName = "[No Variations]"
Add component (AddParameter): Name = "Manufacturer_Name"; Value = "JST (JAPAN SOLDERLESS TERMINALS)"; VariantName = "[No Variations]"
Add component (AddParameter): Name = "Manufacturer_Part_Number"; Value = "BM07B-GHS-TBT (LF)(SN)"; VariantName = "[No Variations]"
Add component (AddParameter): Name = "Mouser Part Number"; Value = ""; VariantName = "[No Variations]"
Add component (AddParameter): Name = "Mouser Price/Stock"; Value = ""; VariantName = "[No Variations]"
Added Component: Designator=J?(BM07BGHSTBTLFSN)
Add component (AddParameter): Name = "Arrow Part Number"; Value = ""; VariantName = "[No Variations]"
Add component (AddParameter): Name = "Arrow Price/Stock"; Value = ""; VariantName = "[No Variations]"
Add component (AddParameter): Name = "Datasheet Link"; Value = "http://www.jst-mfg.com/product/pdf/eng/eGH.pdf"; VariantName = "[No Variations]"
Add component (AddParameter): Name = "Height"; Value = "4.05mm"; VariantName = "[No Variations]"
Add component (AddParameter): Name = "Manufacturer_Name"; Value = "JST (JAPAN SOLDERLESS TERMINALS)"; VariantName = "[No Variations]"
Add component (AddParameter): Name = "Manufacturer_Part_Number"; Value = "BM07B-GHS-TBT (LF)(SN)"; VariantName = "[No Variations]"
Add component (AddParameter): Name = "Mouser Part Number"; Value = ""; VariantName = "[No Variations]"
Add component (AddParameter): Name = "Mouser Price/Stock"; Value = ""; VariantName = "[No Variations]"
Add Component: Footprint Not Found XAL6030182MEB
Add Component: Footprint Not Found RESC2012X60N
Add Component: Footprint Not Found RESC1005X40N
Add Pin To Net: Unknown Pin: Pin C5-1
Add Pin To Net: Unknown Pin: Pin C5-2
Add Pin To Net: Unknown Pin: Pin Ccomp-1
Add Pin To Net: Unknown Pin: Pin Ccomp-2
Add Pin To Net: Unknown Pin: Pin Cvcc-1
Add Pin To Net: Unknown Pin: Pin Cvcc-2
Add Pin To Net: Unknown Pin: Pin IC1-1
Add Pin To Net: Unknown Pin: Pin IC1-2
Add Pin To Net: Unknown Pin: Pin IC1-3
Add Pin To Net: Unknown Pin: Pin IC1-4
Add Pin To Net: Unknown Pin: Pin IC1-7
Add Pin To Net: Unknown Pin: Pin IC1-8
Add Pin To Net: Unknown Pin: Pin IC1-9
Add Pin To Net: Unknown Pin: Pin IC1-10
Add Pin To Net: Unknown Pin: Pin IC1-11
Add Pin To Net: Unknown Pin: Pin IC1-12
Add Pin To Net: Unknown Pin: Pin IC1-13
Add Pin To Net: Unknown Pin: Pin IC1-14
Add Pin To Net: Unknown Pin: Pin IC1-15
Add Pin To Net: Unknown Pin: Pin IC1-17
Add Pin To Net: Unknown Pin: Pin IC1-18
Add Pin To Net: Unknown Pin: Pin IC1-19
Add Pin To Net: Unknown Pin: Pin IC1-20
Add Pin To Net: Unknown Pin: Pin IC1-21
Add Pin To Net: Unknown Pin: Pin IC1-22
Add Pin To Net: Unknown Pin: Pin IC1-23
Add Pin To Net: Unknown Pin: Pin IC1-24
Add Pin To Net: Unknown Pin: Pin IC1-25
Add Pin To Net: Unknown Pin: Pin IC1-26
Add Pin To Net: Unknown Pin: Pin IC1-27
Add Pin To Net: Unknown Pin: Pin IC1-28
Add Pin To Net: Unknown Pin: Pin IC1-29
Add Pin To Net: Unknown Pin: Pin IC1-30
Added Pin To Net: NetName=DITH/SYNC Pin=J?-6
Added Pin To Net: NetName=DITH/SYNC Pin=J?-6
Added Pin To Net: NetName=DITH/SYNC Pin=J?-6
Added Pin To Net: NetName=DITH/SYNC Pin=J?-6
Added Pin To Net: NetName=DITH/SYNC Pin=J?-6
Added Pin To Net: NetName=DITH/SYNC Pin=J?-6
Added Pin To Net: NetName=+3V3 Pin=J?-7
Added Pin To Net: NetName=+3V3 Pin=J?-7
Added Pin To Net: NetName=+3V3 Pin=J?-7
Added Pin To Net: NetName=+3V3 Pin=J?-7
Added Pin To Net: NetName=+3V3 Pin=J?-7
Added Pin To Net: NetName=+3V3 Pin=J?-7
Add Pin To Net: Unknown Pin: Pin L1-1
Add Pin To Net: Unknown Pin: Pin L1-2
Add Pin To Net: Unknown Pin: Pin R8-1
Add Pin To Net: Unknown Pin: Pin R8-2
Add Pin To Net: Unknown Pin: Pin Rcomp-1
Add Pin To Net: Unknown Pin: Pin Rcomp-2
Added Pin To Net: NetName=I2C_RST_1 Pin=J?-1
Added Net: Name=I2C_RST_1
Added Pin To Net: NetName=I2C_RST_2 Pin=J?-1
Added Net: Name=I2C_RST_2
Added Pin To Net: NetName=I2C_RST_3 Pin=J?-1
Added Net: Name=I2C_RST_3
Added Pin To Net: NetName=I2C_RST_4 Pin=J?-1
Added Net: Name=I2C_RST_4
Added Pin To Net: NetName=I2C_RST_5 Pin=J?-1
Added Pin To Net: NetName=I2C_RST_5 Pin=J?-1
Added Net: Name=I2C_RST_5
Added Pin To Net: NetName=INT_1 Pin=J?-2
Added Net: Name=INT_1
Added Pin To Net: NetName=INT_2 Pin=J?-2
Added Net: Name=INT_2
Added Pin To Net: NetName=INT_3 Pin=J?-2
Added Net: Name=INT_3
Added Pin To Net: NetName=INT_4 Pin=J?-2
Added Net: Name=INT_4
Added Pin To Net: NetName=INT_5 Pin=J?-2
Added Pin To Net: NetName=INT_5 Pin=J?-2
Added Net: Name=INT_5
Added Pin To Net: NetName=LPIN_1 Pin=J?-3
Added Net: Name=LPIN_1
Added Pin To Net: NetName=LPIN_2 Pin=J?-3
Added Net: Name=LPIN_2
Added Pin To Net: NetName=LPIN_3 Pin=J?-3
Added Net: Name=LPIN_3
Added Pin To Net: NetName=LPIN_4 Pin=J?-3
Added Net: Name=LPIN_4
Added Pin To Net: NetName=LPIN_5 Pin=J?-3
Added Pin To Net: NetName=LPIN_5 Pin=J?-3
Added Net: Name=LPIN_5
Added Pin To Net: NetName=MCU_SCL Pin=J?-4
Added Pin To Net: NetName=MCU_SCL Pin=J?-4
Added Pin To Net: NetName=MCU_SCL Pin=J?-4
Added Pin To Net: NetName=MCU_SCL Pin=J?-4
Added Pin To Net: NetName=MCU_SCL Pin=J?-4
Added Pin To Net: NetName=MCU_SCL Pin=J?-4
Added Net: Name=MCU_SCL
Added Pin To Net: NetName=MCU_SDA Pin=J?-5
Added Pin To Net: NetName=MCU_SDA Pin=J?-5
Added Pin To Net: NetName=MCU_SDA Pin=J?-5
Added Pin To Net: NetName=MCU_SDA Pin=J?-5
Added Pin To Net: NetName=MCU_SDA Pin=J?-5
Added Pin To Net: NetName=MCU_SDA Pin=J?-5
Added Net: Name=MCU_SDA
Add Net: Net with name "NetC?_1" already exists
Add Net: Net with name "NetC?_2" already exists
Add Class Member: Failed to add class member : Component C5 CGA9P2X7R1E226M250KA
Added Member To Class: ClassName=MotorControl Member=Component C? CL05A106MP5NUNC
Added Member To Class: ClassName=MotorControl Member=Component C? 10uF
Added Member To Class: ClassName=MotorControl Member=Component C? 10uF
Added Member To Class: ClassName=MotorControl Member=Component C? CL05A106MP5NUNC
Added Member To Class: ClassName=MotorControl Member=Component C? 0.01uF
Added Member To Class: ClassName=MotorControl Member=Component C? 1uF
Added Member To Class: ClassName=MotorControl Member=Component C? 0.01uF
Added Member To Class: ClassName=MotorControl Member=Component C? 0.01uF
Add Class Member: Failed to add class member : Component Ccomp GRM155R71C102KA01D
Add Class Member: Failed to add class member : Component Cvcc C1608X6S1C475K080AC
Add Class Member: Failed to add class member : Component IC1 TPS55288RPMR
Added Member To Class: ClassName=MicroController Member=Component J? BM06B-GHS-TBT_LF__SN_
Added Member To Class: ClassName=MicroController Member=Component J? BM06B-GHS-TBT_LF__SN_
Added Member To Class: ClassName=MicroController Member=Component J? BM07B-GHS-TBT__LF__SN_
Added Member To Class: ClassName=MicroController Member=Component J? BM07B-GHS-TBT__LF__SN_
Added Member To Class: ClassName=MicroController Member=Component J? BM07B-GHS-TBT__LF__SN_
Added Member To Class: ClassName=MicroController Member=Component J? BM07B-GHS-TBT__LF__SN_
Added Member To Class: ClassName=MicroController Member=Component J? BM07B-GHS-TBT__LF__SN_
Add Class Member: Failed to add class member : Component L1 XAL6030-182MEB
Added Member To Class: ClassName=MicroController Member=Component P? Header 5
Add Class Member: Failed to add class member : Component R8 RT0805BRD0710K4L
Added Member To Class: ClassName=MotorControl Member=Component R? ERJ3EKF1002V
Added Member To Class: ClassName=MotorControl Member=Component R? ERJ-3EKF2611V
Add Class Member: Failed to add class member : Component Rcomp CRCW0402294KFKED
Added Member To Class: ClassName=MicroController Member=Component U? STM32F405VGT6
Added Room: Name=BusckBoost
Added Room: Name=MicroController
Added Room: Name=MotorControl
