Removed Member From Class: ClassName=MotorControl Member=C?
Removed Member From Class: ClassName=MotorControl Member=IC?
Removed Member From Class: ClassName=IrArray Member=J?
Removed Member From Class: ClassName=PowerManagement Member=J?
Removed Member From Class: ClassName=MotorControl Member=R?
Removed Member From Class: ClassName=PowerManagement Member=R?
Removed Member From Class: ClassName=MotorControl Member=U?
Change Component Designator: OldDesignator=C? NewDesignator=C7
Change Component Designator: OldDesignator=C? NewDesignator=C8
Change Component Designator: OldDesignator=C? NewDesignator=C9
Change Component Designator: OldDesignator=C? NewDesignator=C10
Change Component Designator: OldDesignator=C? NewDesignator=C11
Change Component Designator: OldDesignator=C? NewDesignator=C12
Change Component Designator: OldDesignator=C? NewDesignator=C13
Change Component Designator: OldDesignator=C? NewDesignator=C14
Change Component Designator: OldDesignator=C? NewDesignator=C15
Change Component Designator: OldDesignator=C? NewDesignator=C16
Change Component Designator: OldDesignator=C? NewDesignator=C17
Change Component Designator: OldDesignator=C? NewDesignator=C18
Change Component Designator: OldDesignator=C? NewDesignator=C19
Change Component Designator: OldDesignator=D? NewDesignator=D1
Change Component Designator: OldDesignator=D? NewDesignator=D2
Change Component Designator: OldDesignator=D? NewDesignator=D3
Change Component Designator: OldDesignator=D? NewDesignator=D4
Change Component Designator: OldDesignator=D? NewDesignator=D5
Change Component Designator: OldDesignator=D? NewDesignator=D6
Change Component Designator: OldDesignator=IC? NewDesignator=IC2
Change Component Designator: OldDesignator=IC? NewDesignator=IC3
Change Component Designator: OldDesignator=J? NewDesignator=J1
Change Component Designator: OldDesignator=J? NewDesignator=J2
Change Component Designator: OldDesignator=J? NewDesignator=J3
Change Component Designator: OldDesignator=J? NewDesignator=J4
Change Component Designator: OldDesignator=J? NewDesignator=J5
Change Component Designator: OldDesignator=J? NewDesignator=J6
Change Component Designator: OldDesignator=J? NewDesignator=J7
Change Component Designator: OldDesignator=J? NewDesignator=J8
Change Component Designator: OldDesignator=J? NewDesignator=J9
Change Component Designator: OldDesignator=J? NewDesignator=J10
Change Component Designator: OldDesignator=J? NewDesignator=J11
Change Component Designator: OldDesignator=J? NewDesignator=J12
Change Component Designator: OldDesignator=J? NewDesignator=J13
Change Component Designator: OldDesignator=J? NewDesignator=J14
Change Component Designator: OldDesignator=J? NewDesignator=J15
Change Component Designator: OldDesignator=J? NewDesignator=J16
Change Component Designator: OldDesignator=J? NewDesignator=J17
Change Component Designator: OldDesignator=J? NewDesignator=J18
Change Component Designator: OldDesignator=J? NewDesignator=J19
Change Component Designator: OldDesignator=J? NewDesignator=J20
Change Component Designator: OldDesignator=J? NewDesignator=J21
Change Component Designator: OldDesignator=J? NewDesignator=J22
Change Component Designator: OldDesignator=J? NewDesignator=J23
Change Component Designator: OldDesignator=J? NewDesignator=J24
Change Component Designator: OldDesignator=P? NewDesignator=P1
Change Component Designator: OldDesignator=R? NewDesignator=R9
Change Component Designator: OldDesignator=R? NewDesignator=R10
Change Component Designator: OldDesignator=R? NewDesignator=R11
Change Component Designator: OldDesignator=R? NewDesignator=R12
Change Component Designator: OldDesignator=R? NewDesignator=R13
Change Component Designator: OldDesignator=R? NewDesignator=R14
Change Component Designator: OldDesignator=R? NewDesignator=R15
Change Component Designator: OldDesignator=R? NewDesignator=R16
Change Component Designator: OldDesignator=R? NewDesignator=R17
Change Component Designator: OldDesignator=R? NewDesignator=R18
Change Component Designator: OldDesignator=R? NewDesignator=R19
Change Component Designator: OldDesignator=U? NewDesignator=U2
Change Component Designator: OldDesignator=U? NewDesignator=U3
Add Component: Footprint Not Found CAPC5750X280N
Add Component: Footprint Not Found CAPC1005X55N
Add Component: Footprint Not Found CAPC1608X80N
Add Component: Footprint Not Found TPS55288RPMR
Add Component: Footprint Not Found XAL6030182MEB
Add Component: Footprint Not Found RESC2012X60N
Add Component: Footprint Not Found RESC1005X40N
Add Pin To Net: Unknown Pin: Pin C5-1
Add Pin To Net: Unknown Pin: Pin C5-2
Add Pin To Net: Unknown Pin: Pin Ccomp-1
Add Pin To Net: Unknown Pin: Pin Ccomp-2
Add Pin To Net: Unknown Pin: Pin Cvcc-1
Add Pin To Net: Unknown Pin: Pin Cvcc-2
Add Pin To Net: Unknown Pin: Pin IC1-1
Add Pin To Net: Unknown Pin: Pin IC1-2
Add Pin To Net: Unknown Pin: Pin IC1-3
Add Pin To Net: Unknown Pin: Pin IC1-4
Add Pin To Net: Unknown Pin: Pin IC1-7
Add Pin To Net: Unknown Pin: Pin IC1-8
Add Pin To Net: Unknown Pin: Pin IC1-9
Add Pin To Net: Unknown Pin: Pin IC1-10
Add Pin To Net: Unknown Pin: Pin IC1-11
Add Pin To Net: Unknown Pin: Pin IC1-12
Add Pin To Net: Unknown Pin: Pin IC1-13
Add Pin To Net: Unknown Pin: Pin IC1-14
Add Pin To Net: Unknown Pin: Pin IC1-15
Add Pin To Net: Unknown Pin: Pin IC1-17
Add Pin To Net: Unknown Pin: Pin IC1-18
Add Pin To Net: Unknown Pin: Pin IC1-19
Add Pin To Net: Unknown Pin: Pin IC1-20
Add Pin To Net: Unknown Pin: Pin IC1-21
Add Pin To Net: Unknown Pin: Pin IC1-22
Add Pin To Net: Unknown Pin: Pin IC1-23
Add Pin To Net: Unknown Pin: Pin IC1-24
Add Pin To Net: Unknown Pin: Pin IC1-25
Add Pin To Net: Unknown Pin: Pin IC1-26
Add Pin To Net: Unknown Pin: Pin IC1-27
Add Pin To Net: Unknown Pin: Pin IC1-28
Add Pin To Net: Unknown Pin: Pin IC1-29
Add Pin To Net: Unknown Pin: Pin IC1-30
Add Pin To Net: Unknown Pin: Pin L1-1
Add Pin To Net: Unknown Pin: Pin L1-2
Add Pin To Net: Unknown Pin: Pin R8-1
Add Pin To Net: Unknown Pin: Pin R8-2
Add Pin To Net: Unknown Pin: Pin Rcomp-1
Add Pin To Net: Unknown Pin: Pin Rcomp-2
Change Net Name : Old Net Name=NetC?_1 New Net Name=NetC8_1
Change Net Name : Old Net Name=NetC?_2 New Net Name=NetC7_2
Change Net Name : Old Net Name=NetD?_1 New Net Name=NetD3_1
Change Net Name : Old Net Name=NetIC?_26 New Net Name=NetIC2_26
Change Net Name : Old Net Name=NetJ?_1 New Net Name=NetJ19_1
Change Net Name : Old Net Name=NetJ?_2 New Net Name=NetJ18_2
Added Pin To Net: NetName=NetC8_2 Pin=C8-2
Added Pin To Net: NetName=NetC8_2 Pin=IC2-43
Added Net: Name=NetC8_2
Added Pin To Net: NetName=NetC9_1 Pin=C9-1
Added Pin To Net: NetName=NetC9_1 Pin=IC2-24
Added Net: Name=NetC9_1
Added Pin To Net: NetName=NetC16_1 Pin=C16-1
Added Pin To Net: NetName=NetC16_1 Pin=U3-20
Added Net: Name=NetC16_1
Added Pin To Net: NetName=NetC18_2 Pin=C18-2
Added Pin To Net: NetName=NetC18_2 Pin=U3-10
Added Net: Name=NetC18_2
Added Pin To Net: NetName=NetD1_1 Pin=D1-1
Added Pin To Net: NetName=NetD1_1 Pin=R9-2
Added Net: Name=NetD1_1
Added Pin To Net: NetName=NetD2_1 Pin=D2-1
Added Pin To Net: NetName=NetD2_1 Pin=R10-2
Added Net: Name=NetD2_1
Added Pin To Net: NetName=NetD4_1 Pin=D4-1
Added Pin To Net: NetName=NetD4_1 Pin=R12-2
Added Net: Name=NetD4_1
Added Pin To Net: NetName=NetD5_1 Pin=D5-1
Added Pin To Net: NetName=NetD5_1 Pin=R13-2
Added Net: Name=NetD5_1
Added Pin To Net: NetName=NetD6_1 Pin=D6-1
Added Pin To Net: NetName=NetD6_1 Pin=R14-2
Added Net: Name=NetD6_1
Add Class Member: Failed to add class member : Component C5 CGA9P2X7R1E226M250KA
Added Member To Class: ClassName=MotorControl Member=Component C7 10uF
Added Member To Class: ClassName=MotorControl Member=Component C8 0.01uF
Added Member To Class: ClassName=MotorControl Member=Component C9 1uF
Added Member To Class: ClassName=MotorControl Member=Component C10 10uF
Added Member To Class: ClassName=MotorControl Member=Component C11 0.01uF
Added Member To Class: ClassName=MotorControl Member=Component C12 0.01uF
Added Member To Class: ClassName=MotorControl Member=Component C13 CL05A106MP5NUNC
Added Member To Class: ClassName=MotorControl Member=Component C14 CL05A106MP5NUNC
Added Member To Class: ClassName=MotorControl Member=Component C15 CL10A226MP8NUNE
Added Member To Class: ClassName=IMU Unit Member=Component C16 CC0402KRX7R9BB222
Added Member To Class: ClassName=IMU Unit Member=Component C18 CL05B104KO5NNNC
Added Member To Class: ClassName=IMU Unit Member=Component C19 CL05B104KO5NNNC
Add Class Member: Failed to add class member : Component Ccomp GRM155R71C102KA01D
Add Class Member: Failed to add class member : Component Cvcc C1608X6S1C475K080AC
Added Member To Class: ClassName=MicroController Member=Component D1 150060VS75003
Added Member To Class: ClassName=MicroController Member=Component D2 150060VS75003
Added Member To Class: ClassName=MicroController Member=Component D3 150060VS75003
Added Member To Class: ClassName=MicroController Member=Component D4 150060VS75003
Added Member To Class: ClassName=MicroController Member=Component D5 150060VS75003
Add Class Member: Failed to add class member : Component IC1 TPS55288RPMR
Added Member To Class: ClassName=MotorControl Member=Component IC2 DRV8262DDWR
Added Member To Class: ClassName=MicroController Member=Component J1 BM06B-GHS-TBT_LF__SN_
Added Member To Class: ClassName=MicroController Member=Component J2 BM07B-GHS-TBT (LF)(SN)
Added Member To Class: ClassName=MicroController Member=Component J3 BM07B-GHS-TBT (LF)(SN)
Added Member To Class: ClassName=MicroController Member=Component J4 61300311121
Added Member To Class: ClassName=MicroController Member=Component J5 BM06B-GHS-TBT_LF__SN_
Added Member To Class: ClassName=MicroController Member=Component J6 61300311121
Added Member To Class: ClassName=MicroController Member=Component J7 BM06B-GHS-TBT_LF__SN_
Added Member To Class: ClassName=MicroController Member=Component J8 BM07B-GHS-TBT (LF)(SN)
Added Member To Class: ClassName=MicroController Member=Component J9 BM07B-GHS-TBT (LF)(SN)
Added Member To Class: ClassName=MicroController Member=Component J10 61300311121
Added Member To Class: ClassName=MicroController Member=Component J11 BM06B-GHS-TBT_LF__SN_
Added Member To Class: ClassName=MicroController Member=Component J12 61300311121
Added Member To Class: ClassName=MicroController Member=Component J13 61300311121
Added Member To Class: ClassName=MicroController Member=Component J15 BM07B-GHS-TBT (LF)(SN)
Added Member To Class: ClassName=MicroController Member=Component J16 BM06B-GHS-TBT_LF__SN_
Added Member To Class: ClassName=MicroController Member=Component J17 BM06B-GHS-TBT_LF__SN_
Added Member To Class: ClassName=MicroController Member=Component J18 61300311121
Added Member To Class: ClassName=PowerManagement Member=Component J19 XT30PB
Added Member To Class: ClassName=PowerManagement Member=Component J20 B4B-PH-SM4-TB_LF__SN_
Added Member To Class: ClassName=IrArray Member=Component J21 BM11B-GHS-TBT_LF__SN__N_
Added Member To Class: ClassName=IrArray Member=Component J22 BM11B-GHS-TBT_LF__SN__N_
Added Member To Class: ClassName=IrArray Member=Component J23 BM09B-GHS-TBT(LF)(SN)(N)
Added Member To Class: ClassName=IrArray Member=Component J24 BM06B-GHS-TBT_LF__SN_
Add Class Member: Failed to add class member : Component L1 XAL6030-182MEB
Add Class Member: Failed to add class member : Component R8 RT0805BRD0710K4L
Added Member To Class: ClassName=MicroController Member=Component R9 RC0402FR-07470RL
Added Member To Class: ClassName=MicroController Member=Component R10 RC0402FR-07470RL
Added Member To Class: ClassName=MicroController Member=Component R11 RC0402FR-07470RL
Added Member To Class: ClassName=MicroController Member=Component R13 RC0402FR-07470RL
Added Member To Class: ClassName=MicroController Member=Component R14 RC0402FR-07470RL
Added Member To Class: ClassName=PowerManagement Member=Component R15 RC0402FR-0710KL
Added Member To Class: ClassName=PowerManagement Member=Component R16 RC0402FR-071K5L
Added Member To Class: ClassName=MotorControl Member=Component R17 ERJ-3EKF2611V
Added Member To Class: ClassName=MotorControl Member=Component R18 ERJ-3EKF2611V
Added Member To Class: ClassName=MotorControl Member=Component R19 ERJ3EKF1002V
Add Class Member: Failed to add class member : Component Rcomp CRCW0402294KFKED
Added Member To Class: ClassName=MotorControl Member=Component U2 DRV8837DSGR
Added Room: Name=IMU Unit
Added Room: Name=IrArray
Added Room: Name=MicroController
Added Room: Name=MotorControl
Added Room: Name=PowerManagement
