Added Component: Designator=C7(CAPC1608X105N)
Add component (AddParameter): Name = "Arrow Part Number"; Value = "CL10A226MP8NUNE"; VariantName = "[No Variations]"
Add component (AddParameter): Name = "Arrow Price/Stock"; Value = "https://www.arrow.com/en/products/cl10a226mp8nune/samsung-electro-mechanics?region=nac"; VariantName = "[No Variations]"
Add component (AddParameter): Name = "Datasheet Link"; Value = "https://datasheet.datasheetarchive.com/originals/distributors/Datasheets-DGA10/2407063.pdf"; VariantName = "[No Variations]"
Add component (AddParameter): Name = "Height"; Value = "1.05mm"; VariantName = "[No Variations]"
Add component (AddParameter): Name = "Manufacturer_Name"; Value = "SAMSUNG"; VariantName = "[No Variations]"
Add component (AddParameter): Name = "Manufacturer_Part_Number"; Value = "CL10A226MP8NUNE"; VariantName = "[No Variations]"
Add component (AddParameter): Name = "Mouser Part Number"; Value = "187-CL10A226MP8NUNE"; VariantName = "[No Variations]"
Add component (AddParameter): Name = "Mouser Price/Stock"; Value = "https://www.mouser.co.uk/ProductDetail/Samsung-Electro-Mechanics/CL10A226MP8NUNE?qs=gRKWieUq2Hb5O0PTfRKzDQ%3D%3D"; VariantName = "[No Variations]"
Add component (AddParameter): Name = "Supplier 1"; Value = "Mouser"; VariantName = "[No Variations]"
Add component (AddParameter): Name = "Supplier Part Number 1"; Value = "187-CL10A226MP8NUNE"; VariantName = "[No Variations]"
Add component (AddParameter): Name = "Value"; Value = "22uF"; VariantName = "[No Variations]"
Added Component: Designator=C8(CAPC1608X105N)
Add component (AddParameter): Name = "Arrow Part Number"; Value = "CL10A226MP8NUNE"; VariantName = "[No Variations]"
Add component (AddParameter): Name = "Arrow Price/Stock"; Value = "https://www.arrow.com/en/products/cl10a226mp8nune/samsung-electro-mechanics?region=nac"; VariantName = "[No Variations]"
Add component (AddParameter): Name = "Datasheet Link"; Value = "https://datasheet.datasheetarchive.com/originals/distributors/Datasheets-DGA10/2407063.pdf"; VariantName = "[No Variations]"
Add component (AddParameter): Name = "Height"; Value = "1.05mm"; VariantName = "[No Variations]"
Add component (AddParameter): Name = "Manufacturer_Name"; Value = "SAMSUNG"; VariantName = "[No Variations]"
Add component (AddParameter): Name = "Manufacturer_Part_Number"; Value = "CL10A226MP8NUNE"; VariantName = "[No Variations]"
Add component (AddParameter): Name = "Mouser Part Number"; Value = "187-CL10A226MP8NUNE"; VariantName = "[No Variations]"
Add component (AddParameter): Name = "Mouser Price/Stock"; Value = "https://www.mouser.co.uk/ProductDetail/Samsung-Electro-Mechanics/CL10A226MP8NUNE?qs=gRKWieUq2Hb5O0PTfRKzDQ%3D%3D"; VariantName = "[No Variations]"
Add component (AddParameter): Name = "Supplier 1"; Value = "Mouser"; VariantName = "[No Variations]"
Add component (AddParameter): Name = "Supplier Part Number 1"; Value = "187-CL10A226MP8NUNE"; VariantName = "[No Variations]"
Add component (AddParameter): Name = "Value"; Value = "22uF"; VariantName = "[No Variations]"
Added Pin To Net: NetName=DITH/SYNC Pin=C1-1
Added Pin To Net: NetName=NetC1_2 Pin=C1-2
Added Pin To Net: NetName=NetC1_2 Pin=C2-1
Added Pin To Net: NetName=DITH/SYNC Pin=C2-2
Added Pin To Net: NetName=NetC1_2 Pin=C3-1
Added Pin To Net: NetName=DITH/SYNC Pin=C3-2
Added Pin To Net: NetName=SW1 Pin=C4-1
Added Pin To Net: NetName=NetC4_2 Pin=C4-2
Added Pin To Net: NetName=NetC5_1 Pin=C5-1
Added Pin To Net: NetName=SW2 Pin=C5-2
Added Pin To Net: NetName=NetC6_1 Pin=C6-1
Added Pin To Net: NetName=NetC6_2 Pin=C6-2
Added Pin To Net: NetName=DITH/SYNC Pin=C7-1
Added Pin To Net: NetName=+3.3 Pin=C7-2
Added Pin To Net: NetName=DITH/SYNC Pin=C8-1
Added Pin To Net: NetName=+3.3 Pin=C8-2
Added Pin To Net: NetName=DITH/SYNC Pin=C23-1
Added Pin To Net: NetName=NetC6_2 Pin=C23-2
Added Pin To Net: NetName=DITH/SYNC Pin=C24-1
Added Pin To Net: NetName=VCC Pin=C24-2
Added Pin To Net: NetName=DITH/SYNC Pin=C25-1
Added Pin To Net: NetName=VOUT Pin=C25-2
Added Pin To Net: NetName=DITH/SYNC Pin=C26-1
Added Pin To Net: NetName=VOUT Pin=C26-2
Added Pin To Net: NetName=VOUT Pin=C27-1
Added Pin To Net: NetName=DITH/SYNC Pin=C27-2
Added Pin To Net: NetName=DR1L Pin=IC5-1
Added Pin To Net: NetName=NetIC5_2 Pin=IC5-2
Added Pin To Net: NetName=NetC1_2 Pin=IC5-3
Added Pin To Net: NetName=NetIC5_4 Pin=IC5-4
Added Pin To Net: NetName=DITH/SYNC Pin=IC5-7
Added Pin To Net: NetName=NetIC5_8 Pin=IC5-8
Added Pin To Net: NetName=DITH/SYNC Pin=IC5-9
Added Pin To Net: NetName=DITH/SYNC Pin=IC5-10
Added Pin To Net: NetName=VOUT Pin=IC5-11
Added Pin To Net: NetName=VOUT Pin=IC5-12
Added Pin To Net: NetName=VOUT Pin=IC5-13
Added Pin To Net: NetName=FB Pin=IC5-14
Added Pin To Net: NetName=DITH/SYNC Pin=IC5-15
Added Pin To Net: NetName=NetIC5_17 Pin=IC5-17
Added Pin To Net: NetName=NetC6_2 Pin=IC5-18
Added Pin To Net: NetName=VCC Pin=IC5-19
Added Pin To Net: NetName=NetC5_1 Pin=IC5-20
Added Pin To Net: NetName=SW2 Pin=IC5-21
Added Pin To Net: NetName=NetC4_2 Pin=IC5-22
Added Pin To Net: NetName=SW1 Pin=IC5-23
Added Pin To Net: NetName=DITH/SYNC Pin=IC5-24
Added Pin To Net: NetName=SW2 Pin=IC5-25
Added Pin To Net: NetName=VOUT Pin=IC5-26
Added Pin To Net: NetName=DR1L Pin=IC5-27
Added Pin To Net: NetName=DITH/SYNC Pin=IC5-28
Added Pin To Net: NetName=VOUT Pin=IC5-29
Added Pin To Net: NetName=VCC Pin=IC5-30
Added Pin To Net: NetName=SW2 Pin=L1-1
Added Pin To Net: NetName=SW1 Pin=L1-2
Added Pin To Net: NetName=NetC1_2 Pin=Q1-1
Added Pin To Net: NetName=NetC1_2 Pin=Q1-2
Added Pin To Net: NetName=NetQ1_3 Pin=Q1-3
Added Pin To Net: NetName=NetQ1_4 Pin=Q1-4
Added Pin To Net: NetName=NetC1_2 Pin=Q1-5
Added Pin To Net: NetName=NetC1_2 Pin=Q1-6
Added Pin To Net: NetName=NetC1_2 Pin=Q1-7
Added Pin To Net: NetName=NetQ1_4 Pin=Q1-8
Added Pin To Net: NetName=NetQ1_4 Pin=Q2-1
Added Pin To Net: NetName=NetQ1_4 Pin=Q2-2
Added Pin To Net: NetName=NetQ2_3 Pin=Q2-3
Added Pin To Net: NetName=DITH/SYNC Pin=Q2-4
Added Pin To Net: NetName=NetQ1_4 Pin=Q2-5
Added Pin To Net: NetName=NetQ1_4 Pin=Q2-6
Added Pin To Net: NetName=NetQ1_4 Pin=Q2-7
Added Pin To Net: NetName=DITH/SYNC Pin=Q2-8
Added Pin To Net: NetName=NetIC5_4 Pin=R1-1
Added Pin To Net: NetName=NetC1_2 Pin=R1-2
Added Pin To Net: NetName=DITH/SYNC Pin=R2-1
Added Pin To Net: NetName=NetIC5_4 Pin=R2-2
Added Pin To Net: NetName=NetIC5_2 Pin=R3-1
Added Pin To Net: NetName=NetQ1_3 Pin=R3-2
Added Pin To Net: NetName=DR1L Pin=R4-1
Added Pin To Net: NetName=NetQ2_3 Pin=R4-2
Added Pin To Net: NetName=DITH/SYNC Pin=R5-1
Added Pin To Net: NetName=NetIC5_8 Pin=R5-2
Added Pin To Net: NetName=DITH/SYNC Pin=R6-1
Added Pin To Net: NetName=NetC6_1 Pin=R6-2
Added Pin To Net: NetName=DITH/SYNC Pin=R7-1
Added Pin To Net: NetName=NetIC5_17 Pin=R7-2
Added Pin To Net: NetName=FB Pin=R8-1
Added Pin To Net: NetName=VOUT Pin=R8-2
Added Pin To Net: NetName=DITH/SYNC Pin=R21-1
Added Pin To Net: NetName=FB Pin=R21-2
Added Member To Class: ClassName=PowerManagement Member=Component C1 20SVPF120M
Added Member To Class: ClassName=PowerManagement Member=Component C2 GRM32ER61E226KE15L
Added Member To Class: ClassName=PowerManagement Member=Component C3 C1005X5R1V105K050BC
Added Member To Class: ClassName=PowerManagement Member=Component C4 CBR04C108B1GAC
Added Member To Class: ClassName=PowerManagement Member=Component C5 CBR04C108B1GAC
Added Member To Class: ClassName=PowerManagement Member=Component C6 GRM155R71C102KA01D
Added Member To Class: ClassName=PowerManagement Member=Component C7 CL10A226MP8NUNE
Added Member To Class: ClassName=PowerManagement Member=Component C8 CL10A226MP8NUNE
Added Member To Class: ClassName=PowerManagement Member=Component C23 GRM1555C1E6R8CA01D
Added Member To Class: ClassName=PowerManagement Member=Component C24 C1608X6S1C475K080AC
Added Member To Class: ClassName=PowerManagement Member=Component C25 CGA9P2X7R1E226M250KA
Added Member To Class: ClassName=PowerManagement Member=Component C26 20SVPF56MX
Added Member To Class: ClassName=PowerManagement Member=Component C27 C1005X5R1V105K050BC
Added Member To Class: ClassName=PowerManagement Member=Component IC5 TPS55288RPMR
Added Member To Class: ClassName=MotorControl Member=Component J? TS-106-G-AA
Added Member To Class: ClassName=PowerManagement Member=Component L1 XAL6030-182MEB
Added Member To Class: ClassName=PowerManagement Member=Component Q1 BUK9D23-40EX
Added Member To Class: ClassName=PowerManagement Member=Component Q2 BUK9D23-40EX
Added Member To Class: ClassName=PowerManagement Member=Component R1 CRCW0402549KFKED
Added Member To Class: ClassName=PowerManagement Member=Component R2 CRCW0402100KFKED
Added Member To Class: ClassName=PowerManagement Member=Component R3 CRCW06031R00FKEA
Added Member To Class: ClassName=PowerManagement Member=Component R4 CRCW06031R00FKEA
Added Member To Class: ClassName=PowerManagement Member=Component R5 CRCW040249K9FKED
Added Member To Class: ClassName=PowerManagement Member=Component R6 CRCW0402294KFKED
Added Member To Class: ClassName=PowerManagement Member=Component R7 CRCW040228K0FKED
Added Member To Class: ClassName=PowerManagement Member=Component R8 CRCW0402100KFKED
Added Member To Class: ClassName=PowerManagement Member=Component R21 RT0805BRD0710K4L
Added Room: Name=IMU Unit
Added Room: Name=IrArray
Added Room: Name=MicroController
Added Room: Name=MotorControl
Added Room: Name=PowerManagement
