Removed Pin From Net: NetName=+5 Pin=C13-1
Removed Pin From Net: NetName=GND Pin=C13-2
Removed Pin From Net: NetName=BAT+ Pin=C14-1
Removed Pin From Net: NetName=BAT+ Pin=C15-2
Removed Pin From Net: NetName=BAT+ Pin=U2-1
Removed Pin From Net: NetName=GND Pin=U2-4
Removed Pin From Net: NetName=+5 Pin=U2-7
Removed Pin From Net: NetName=+5 Pin=U2-8
Removed Pin From Net: NetName=GND Pin=U2-9
Added Component: Designator=C?(CAPC1050X55X23ML05T13)
Add component (AddParameter): Name = "Capacitance"; Value = "100nF"; VariantName = "[No Variations]"
Add component (AddParameter): Name = "Case Size/Dimension"; Value = "0402"; VariantName = "[No Variations]"
Add component (AddParameter): Name = "Datasheet URL"; Value = "https://datasheet.ciiva.com/29198/458718-da-01-en-vs-kondensator-0402-29198423.pdf"; VariantName = "[No Variations]"
Add component (AddParameter): Name = "Datasheet Version"; Value = "Nov-10"; VariantName = "[No Variations]"
Add component (AddParameter): Name = "Dielectric"; Value = "X7R"; VariantName = "[No Variations]"
Add component (AddParameter): Name = "Manufacturer"; Value = "Samsung Electro-Mechanics"; VariantName = "[No Variations]"
Add component (AddParameter): Name = "Manufacturer URL"; Value = "http://www.samsungsem.com/global/index.jsp"; VariantName = "[No Variations]"
Add component (AddParameter): Name = "Rated Voltage"; Value = "16V"; VariantName = "[No Variations]"
Add component (AddParameter): Name = "Tolerance (%)"; Value = "±10%"; VariantName = "[No Variations]"
Add Component: Footprint Not Found SON50P200X200X80-9N
Added Pin To Net: NetName=+12 Pin=C14-1
Added Pin To Net: NetName=+12 Pin=C15-2
Added Pin To Net: NetName=GND Pin=C?-1
Added Pin To Net: NetName=+12 Pin=C?-2
Add Pin To Net: Unknown Pin: Pin IC?-1
Add Pin To Net: Unknown Pin: Pin IC?-4
Add Pin To Net: Unknown Pin: Pin IC?-7
Add Pin To Net: Unknown Pin: Pin IC?-8
Add Pin To Net: Unknown Pin: Pin IC?-9
Add Net: Net with name "FB" already exists
Added Pin To Net: NetName=NetIC?_2 Pin=P5-2
Added Pin To Net: NetName=NetIC?_2 Pin=P5-4
Added Net: Name=NetIC?_2
Added Pin To Net: NetName=NetIC?_3 Pin=P5-1
Added Pin To Net: NetName=NetIC?_3 Pin=P5-3
Added Net: Name=NetIC?_3
Added Net: Name=NetIC?_5
Added Net: Name=NetIC?_6
Add Net: Net with name "VCC" already exists
