Removed Pin From Net: NetName=BAT+ Pin=C?-1
Removed Pin From Net: NetName=BAT+ Pin=U?-1
Removed Pin From Net: NetName=OUT_1 Pin=U?-2
Removed Pin From Net: NetName=OUT_2 Pin=U?-3
Removed Pin From Net: NetName=DITH/SYNC Pin=U?-4
Removed Pin From Net: NetName=THROTTLE_2 Pin=U?-5
Removed Pin From Net: NetName=THROTTLE_1 Pin=U?-6
Removed Pin From Net: NetName=+5 Pin=U?-7
Removed Pin From Net: NetName=+5 Pin=U?-8
Removed Pin From Net: NetName=DITH/SYNC Pin=U?-9
Add Component: Footprint Not Found CAPC5750X280N
Added Component: Designator=C?(FP-CL05A106MP5NUNC-MFG)
Add component (AddParameter): Name = "Automotive"; Value = "No"; VariantName = "[No Variations]"
Add component (AddParameter): Name = "Capacitance"; Value = "10uF"; VariantName = "[No Variations]"
Add component (AddParameter): Name = "Category"; Value = "Cap"; VariantName = "[No Variations]"
Add component (AddParameter): Name = "ComponentLink2Description"; Value = "Datasheet"; VariantName = "[No Variations]"
Add component (AddParameter): Name = "ComponentLink2URL"; Value = "http://www.samsungsem.com/kr/support/product-search/mlcc/__icsFiles/afieldfile/2019/05/10/19-CL05A106MP5NUNC.pdf"; VariantName = "[No Variations]"
Add component (AddParameter): Name = "Device Class L1"; Value = "Passive Components"; VariantName = "[No Variations]"
Add component (AddParameter): Name = "Device Class L2"; Value = "Capacitors"; VariantName = "[No Variations]"
Add component (AddParameter): Name = "Device Class L3"; Value = "Ceramic Capacitors"; VariantName = "[No Variations]"
Add component (AddParameter): Name = "Digikey Description"; Value = "CAP CER 10UF 10V X5R 0402"; VariantName = "[No Variations]"
Add component (AddParameter): Name = "Height"; Value = "0.7mm"; VariantName = "[No Variations]"
Add component (AddParameter): Name = "Ipc Land Pattern Name"; Value = "CAPC10050X50"; VariantName = "[No Variations]"
Add component (AddParameter): Name = "Lead Free"; Value = "Yes"; VariantName = "[No Variations]"
Add component (AddParameter): Name = "Manufacturer"; Value = "Samsung"; VariantName = "[No Variations]"
Add component (AddParameter): Name = "Manufacturer Part Number"; Value = "CL05A106MP5NUNC"; VariantName = "[No Variations]"
Add component (AddParameter): Name = "Material"; Value = "Ceramic"; VariantName = "[No Variations]"
Add component (AddParameter): Name = "Octopart"; Value = "https://octopart.com/cl05a106mp5nunc-samsung-22457395"; VariantName = "[No Variations]"
Add component (AddParameter): Name = "Package"; Value = "CL05A106MP5NUNC"; VariantName = "[No Variations]"
Add component (AddParameter): Name = "RoHS"; Value = "TRUE"; VariantName = "[No Variations]"
Add component (AddParameter): Name = "Temperature"; Value = "-55°C to +85°C"; VariantName = "[No Variations]"
Add component (AddParameter): Name = "Temperature Characteristic"; Value = "X5R"; VariantName = "[No Variations]"
Add component (AddParameter): Name = "Temperature Coefficient"; Value = "15%"; VariantName = "[No Variations]"
Add component (AddParameter): Name = "Temperature Range High"; Value = "+85°C"; VariantName = "[No Variations]"
Add component (AddParameter): Name = "Temperature Range Low"; Value = "-55°C"; VariantName = "[No Variations]"
Add component (AddParameter): Name = "Tolerance"; Value = "20%"; VariantName = "[No Variations]"
Add component (AddParameter): Name = "Value"; Value = "10uF"; VariantName = "[No Variations]"
Add component (AddParameter): Name = "Voltage Rating"; Value = "10V"; VariantName = "[No Variations]"
Added Component: Designator=C?(FP-CL05A106MP5NUNC-MFG)
Add component (AddParameter): Name = "Automotive"; Value = "No"; VariantName = "[No Variations]"
Add component (AddParameter): Name = "Capacitance"; Value = "10uF"; VariantName = "[No Variations]"
Add component (AddParameter): Name = "Category"; Value = "Cap"; VariantName = "[No Variations]"
Add component (AddParameter): Name = "ComponentLink2Description"; Value = "Datasheet"; VariantName = "[No Variations]"
Add component (AddParameter): Name = "ComponentLink2URL"; Value = "http://www.samsungsem.com/kr/support/product-search/mlcc/__icsFiles/afieldfile/2019/05/10/19-CL05A106MP5NUNC.pdf"; VariantName = "[No Variations]"
Add component (AddParameter): Name = "Device Class L1"; Value = "Passive Components"; VariantName = "[No Variations]"
Add component (AddParameter): Name = "Device Class L2"; Value = "Capacitors"; VariantName = "[No Variations]"
Add component (AddParameter): Name = "Device Class L3"; Value = "Ceramic Capacitors"; VariantName = "[No Variations]"
Add component (AddParameter): Name = "Digikey Description"; Value = "CAP CER 10UF 10V X5R 0402"; VariantName = "[No Variations]"
Add component (AddParameter): Name = "Height"; Value = "0.7mm"; VariantName = "[No Variations]"
Add component (AddParameter): Name = "Ipc Land Pattern Name"; Value = "CAPC10050X50"; VariantName = "[No Variations]"
Add component (AddParameter): Name = "Lead Free"; Value = "Yes"; VariantName = "[No Variations]"
Add component (AddParameter): Name = "Manufacturer"; Value = "Samsung"; VariantName = "[No Variations]"
Add component (AddParameter): Name = "Manufacturer Part Number"; Value = "CL05A106MP5NUNC"; VariantName = "[No Variations]"
Add component (AddParameter): Name = "Material"; Value = "Ceramic"; VariantName = "[No Variations]"
Add component (AddParameter): Name = "Octopart"; Value = "https://octopart.com/cl05a106mp5nunc-samsung-22457395"; VariantName = "[No Variations]"
Add component (AddParameter): Name = "Package"; Value = "CL05A106MP5NUNC"; VariantName = "[No Variations]"
Add component (AddParameter): Name = "RoHS"; Value = "TRUE"; VariantName = "[No Variations]"
Add component (AddParameter): Name = "Temperature"; Value = "-55°C to +85°C"; VariantName = "[No Variations]"
Add component (AddParameter): Name = "Temperature Characteristic"; Value = "X5R"; VariantName = "[No Variations]"
Add component (AddParameter): Name = "Temperature Coefficient"; Value = "15%"; VariantName = "[No Variations]"
Add component (AddParameter): Name = "Temperature Range High"; Value = "+85°C"; VariantName = "[No Variations]"
Add component (AddParameter): Name = "Temperature Range Low"; Value = "-55°C"; VariantName = "[No Variations]"
Add component (AddParameter): Name = "Tolerance"; Value = "20%"; VariantName = "[No Variations]"
Add component (AddParameter): Name = "Value"; Value = "10uF"; VariantName = "[No Variations]"
Add component (AddParameter): Name = "Voltage Rating"; Value = "10V"; VariantName = "[No Variations]"
Add Component: Footprint Not Found CAPC1005X55N
Add Component: Footprint Not Found CAPC1608X80N
Add Component: Footprint Not Found TPS55288RPMR
Add Component: Footprint Not Found BM06BGHSTBTLFSN
Add Component: Footprint Not Found BM07BGHSTBTLFSN
Add Component: Footprint Not Found XAL6030182MEB
Add Component: Footprint Not Found RESC2012X60N
Add Component: Footprint Not Found RESC1005X40N
Added Component: Designator=U?(FP-DSG0008A-MFG)
Add component (AddParameter): Name = "Ambient Temperature Range High"; Value = "+85°C"; VariantName = "[No Variations]"
Add component (AddParameter): Name = "Ambient Temperature Range Low"; Value = "-40°C"; VariantName = "[No Variations]"
Add component (AddParameter): Name = "Automotive"; Value = "No"; VariantName = "[No Variations]"
Add component (AddParameter): Name = "Category"; Value = "IC"; VariantName = "[No Variations]"
Add component (AddParameter): Name = "ComponentLink2Description"; Value = "Datasheet"; VariantName = "[No Variations]"
Add component (AddParameter): Name = "ComponentLink2URL"; Value = "http://www.ti.com/lit/ds/symlink/drv8837.pdf"; VariantName = "[No Variations]"
Add component (AddParameter): Name = "Device Class L1"; Value = "Integrated Circuits (ICs)"; VariantName = "[No Variations]"
Add component (AddParameter): Name = "Device Class L2"; Value = "Power Management ICs"; VariantName = "[No Variations]"
Add component (AddParameter): Name = "Device Class L3"; Value = "Motor Drivers"; VariantName = "[No Variations]"
Add component (AddParameter): Name = "Digikey Description"; Value = "IC MOTOR DRIVER PAR 8WSON"; VariantName = "[No Variations]"
Add component (AddParameter): Name = "Height"; Value = "0.8mm"; VariantName = "[No Variations]"
Add component (AddParameter): Name = "Lead Free"; Value = "Yes"; VariantName = "[No Variations]"
Add component (AddParameter): Name = "Manufacturer"; Value = "Texas Instruments"; VariantName = "[No Variations]"
Add component (AddParameter): Name = "Manufacturer Part Number"; Value = "DRV8837DSGR"; VariantName = "[No Variations]"
Add component (AddParameter): Name = "Max Junction Temp"; Value = "+150°C"; VariantName = "[No Variations]"
Add component (AddParameter): Name = "Max Supply Voltage"; Value = "7V"; VariantName = "[No Variations]"
Add component (AddParameter): Name = "Min Supply Voltage"; Value = "1.8V"; VariantName = "[No Variations]"
Add component (AddParameter): Name = "Motor Type"; Value = "Brushed"; VariantName = "[No Variations]"
Add component (AddParameter): Name = "Mouser Description"; Value = "Motor / Motion / Ignition Controllers & Drivers 1.8A Low Vltg Brush DC Motor Driver"; VariantName = "[No Variations]"
Add component (AddParameter): Name = "Nominal Supply Current"; Value = "300-700uA"; VariantName = "[No Variations]"
Add component (AddParameter): Name = "Number Of Outputs"; Value = "2"; VariantName = "[No Variations]"
Add component (AddParameter): Name = "Octopart"; Value = "https://octopart.com/drv8837dsgr-texas+instruments-23786726"; VariantName = "[No Variations]"
Add component (AddParameter): Name = "Output Current"; Value = "1.8A"; VariantName = "[No Variations]"
Add component (AddParameter): Name = "Output Voltage"; Value = "0-11V"; VariantName = "[No Variations]"
Add component (AddParameter): Name = "Package"; Value = "DSG0008A"; VariantName = "[No Variations]"
Add component (AddParameter): Name = "RoHS"; Value = "TRUE"; VariantName = "[No Variations]"
Add component (AddParameter): Name = "Standoff Height"; Value = "0mm"; VariantName = "[No Variations]"
Add component (AddParameter): Name = "Switching Frequency"; Value = "0-250kHz"; VariantName = "[No Variations]"
Add component (AddParameter): Name = "Temperature"; Value = "-40°C to +85°C"; VariantName = "[No Variations]"
Add component (AddParameter): Name = "Temperature Range High"; Value = "+85°C"; VariantName = "[No Variations]"
Add component (AddParameter): Name = "Temperature Range Low"; Value = "-40°C"; VariantName = "[No Variations]"
Add Pin To Net: Unknown Pin: Pin C5-1
Add Pin To Net: Unknown Pin: Pin C5-2
Added Pin To Net: NetName=+5 Pin=C?-1
Added Pin To Net: NetName=BAT+ Pin=C?-1
Added Pin To Net: NetName=DITH/SYNC Pin=C?-1
Added Pin To Net: NetName=DITH/SYNC Pin=C?-2
Added Pin To Net: NetName=DITH/SYNC Pin=C?-2
Add Pin To Net: Unknown Pin: Pin Ccomp-1
Add Pin To Net: Unknown Pin: Pin Ccomp-2
Add Pin To Net: Unknown Pin: Pin Cvcc-1
Add Pin To Net: Unknown Pin: Pin Cvcc-2
Add Pin To Net: Unknown Pin: Pin IC1-1
Add Pin To Net: Unknown Pin: Pin IC1-2
Add Pin To Net: Unknown Pin: Pin IC1-3
Add Pin To Net: Unknown Pin: Pin IC1-4
Add Pin To Net: Unknown Pin: Pin IC1-7
Add Pin To Net: Unknown Pin: Pin IC1-8
Add Pin To Net: Unknown Pin: Pin IC1-9
Add Pin To Net: Unknown Pin: Pin IC1-10
Add Pin To Net: Unknown Pin: Pin IC1-11
Add Pin To Net: Unknown Pin: Pin IC1-12
Add Pin To Net: Unknown Pin: Pin IC1-13
Add Pin To Net: Unknown Pin: Pin IC1-14
Add Pin To Net: Unknown Pin: Pin IC1-15
Add Pin To Net: Unknown Pin: Pin IC1-17
Add Pin To Net: Unknown Pin: Pin IC1-18
Add Pin To Net: Unknown Pin: Pin IC1-19
Add Pin To Net: Unknown Pin: Pin IC1-20
Add Pin To Net: Unknown Pin: Pin IC1-21
Add Pin To Net: Unknown Pin: Pin IC1-22
Add Pin To Net: Unknown Pin: Pin IC1-23
Add Pin To Net: Unknown Pin: Pin IC1-24
Add Pin To Net: Unknown Pin: Pin IC1-25
Add Pin To Net: Unknown Pin: Pin IC1-26
Add Pin To Net: Unknown Pin: Pin IC1-27
Add Pin To Net: Unknown Pin: Pin IC1-28
Add Pin To Net: Unknown Pin: Pin IC1-29
Add Pin To Net: Unknown Pin: Pin IC1-30
Add Pin To Net: Unknown Pin: Pin L1-1
Add Pin To Net: Unknown Pin: Pin L1-2
Add Pin To Net: Unknown Pin: Pin R8-1
Add Pin To Net: Unknown Pin: Pin R8-2
Add Pin To Net: Unknown Pin: Pin Rcomp-1
Add Pin To Net: Unknown Pin: Pin Rcomp-2
Added Pin To Net: NetName=BAT+ Pin=U?-1
Added Pin To Net: NetName=OUT_1 Pin=U?-2
Added Pin To Net: NetName=OUT_2 Pin=U?-3
Added Pin To Net: NetName=DITH/SYNC Pin=U?-4
Added Pin To Net: NetName=THROTTLE_2 Pin=U?-5
Added Pin To Net: NetName=THROTTLE_1 Pin=U?-6
Added Pin To Net: NetName=+5 Pin=U?-7
Added Pin To Net: NetName=+5 Pin=U?-8
Added Pin To Net: NetName=DITH/SYNC Pin=U?-9
Add Net: Net with name "NetC?_1" already exists
Add Net: Net with name "NetC?_2" already exists
Add Class Member: Failed to add class member : Component C5 CGA9P2X7R1E226M250KA
Added Member To Class: ClassName=MotorControl Member=Component C? 0.01uF
Added Member To Class: ClassName=MotorControl Member=Component C? CL05A106MP5NUNC
Added Member To Class: ClassName=MotorControl Member=Component C? 10uF
Added Member To Class: ClassName=MotorControl Member=Component C? 0.01uF
Added Member To Class: ClassName=MotorControl Member=Component C? 10uF
Added Member To Class: ClassName=MotorControl Member=Component C? CL05A106MP5NUNC
Added Member To Class: ClassName=MotorControl Member=Component C? 1uF
Added Member To Class: ClassName=MotorControl Member=Component C? 0.01uF
Add Class Member: Failed to add class member : Component Ccomp GRM155R71C102KA01D
Add Class Member: Failed to add class member : Component Cvcc C1608X6S1C475K080AC
Add Class Member: Failed to add class member : Component IC1 TPS55288RPMR
Add Class Member: Failed to add class member : Component J? BM06B-GHS-TBT_LF__SN_
Add Class Member: Failed to add class member : Component J? BM07B-GHS-TBT__LF__SN_
Add Class Member: Failed to add class member : Component L1 XAL6030-182MEB
Added Member To Class: ClassName=MicroController Member=Component P? Header 5
Add Class Member: Failed to add class member : Component R8 RT0805BRD0710K4L
Added Member To Class: ClassName=MotorControl Member=Component R? ERJ3EKF1002V
Added Member To Class: ClassName=MotorControl Member=Component R? ERJ-3EKF2611V
Add Class Member: Failed to add class member : Component Rcomp CRCW0402294KFKED
Added Member To Class: ClassName=MicroController Member=Component U? STM32F405VGT6
Added Room: Name=BusckBoost
Added Room: Name=MicroController
Added Room: Name=MotorControl
