Removed Pin From Net: NetName=IR_16 Pin=IC1-16
Removed Pin From Net: NetName=IR_15 Pin=IC1-17
Removed Pin From Net: NetName=IR_14 Pin=IC1-18
Removed Pin From Net: NetName=IR_13 Pin=IC1-19
Removed Pin From Net: NetName=IR_12 Pin=IC1-20
Removed Pin From Net: NetName=IR_11 Pin=IC1-21
Removed Pin From Net: NetName=IR_10 Pin=IC1-22
Removed Pin From Net: NetName=IR_9 Pin=IC1-23
Added Component: Designator=P?(HDR1X4)
Add component (AddParameter): Name = "LatestRevisionDate"; Value = "17-Jul-2002"; VariantName = "[No Variations]"
Add component (AddParameter): Name = "LatestRevisionNote"; Value = "Re-released for DXP Platform."; VariantName = "[No Variations]"
Add component (AddParameter): Name = "Publisher"; Value = "Altium Limited"; VariantName = "[No Variations]"
Added Component: Designator=P?(HDR1X11)
Add component (AddParameter): Name = "LatestRevisionDate"; Value = "17-Jul-2002"; VariantName = "[No Variations]"
Add component (AddParameter): Name = "LatestRevisionNote"; Value = "Re-released for DXP Platform."; VariantName = "[No Variations]"
Add component (AddParameter): Name = "Publisher"; Value = "Altium Limited"; VariantName = "[No Variations]"
Added Pin To Net: NetName=NetQ1_4 Pin=C4-1
Added Pin To Net: NetName=IR_9 Pin=IC1-16
Added Pin To Net: NetName=IR_10 Pin=IC1-17
Added Pin To Net: NetName=IR_11 Pin=IC1-18
Added Pin To Net: NetName=IR_12 Pin=IC1-19
Added Pin To Net: NetName=IR_13 Pin=IC1-20
Added Pin To Net: NetName=IR_14 Pin=IC1-21
Added Pin To Net: NetName=IR_15 Pin=IC1-22
Added Pin To Net: NetName=IR_16 Pin=IC1-23
Added Pin To Net: NetName=NetQ1_4 Pin=IC5-23
Added Pin To Net: NetName=NetQ1_4 Pin=L1-2
Added Pin To Net: NetName=DITH/SYNC Pin=P?-1
Added Pin To Net: NetName=+5 Pin=P?-2
Added Pin To Net: NetName=+3V3 Pin=P?-5
Added Pin To Net: NetName=+3V3 Pin=P?-9
Added Pin To Net: NetName=DITH/SYNC Pin=P?-11
Change Net Name : Old Net Name=NetQ1_4 New Net Name=SW1
Change Net Name : Old Net Name=THROTTLE_1 New Net Name=NetU2_6
Change Net Name : Old Net Name=THROTTLE_2 New Net Name=NetU2_5
Add Net: Net with name "FB" already exists
Added Pin To Net: NetName=NetP?_1 Pin=P?-1
Added Pin To Net: NetName=NetP?_1 Pin=P?-3
Added Pin To Net: NetName=NetP?_1 Pin=U2-2
Added Net: Name=NetP?_1
Added Pin To Net: NetName=NetP?_2 Pin=P?-2
Added Pin To Net: NetName=NetP?_2 Pin=P?-4
Added Pin To Net: NetName=NetP?_2 Pin=U2-3
Added Net: Name=NetP?_2
Added Pin To Net: NetName=NetP?_3 Pin=P?-3
Added Net: Name=NetP?_3
Added Pin To Net: NetName=NetP?_4 Pin=P?-4
Added Net: Name=NetP?_4
Added Pin To Net: NetName=NetP?_6 Pin=P?-6
Added Net: Name=NetP?_6
Added Pin To Net: NetName=NetP?_7 Pin=P?-7
Added Net: Name=NetP?_7
Added Pin To Net: NetName=NetP?_8 Pin=P?-8
Added Net: Name=NetP?_8
Added Pin To Net: NetName=NetP?_10 Pin=P?-10
Added Net: Name=NetP?_10
Add Net: Net with name "VCC" already exists
Add Class: Class already exists: Designator
Add Class: Class already exists: Designator
Added Member To Class: ClassName=Designator Member=Component P? Header 11
Added Room: Name=3.3V LDO
Added Room: Name=Buck Boost Converter
Added Room: Name=Buck Converter
Added Room: Name=Designator
Added Room: Name=Designator
Added Room: Name=Designator
Added Room: Name=Designator
Added Room: Name=FR ARRAY
Added Room: Name=MCU
Added Room: Name=RR ARRAY
