Added Pin To Net: NetName=DITH/SYNC Pin=P?-1
Added Pin To Net: NetName=DITH/SYNC Pin=P?-2
Added Pin To Net: NetName=+3V3 Pin=P?-3
Added Pin To Net: NetName=+3V3 Pin=P?-4
Added Pin To Net: NetName=IR_2 Pin=P?-7
Added Pin To Net: NetName=IR_1 Pin=P?-8
Added Pin To Net: NetName=IR_4 Pin=P?-9
Added Pin To Net: NetName=IR_3 Pin=P?-10
Added Pin To Net: NetName=IR_6 Pin=P?-11
Added Pin To Net: NetName=IR_5 Pin=P?-12
Added Pin To Net: NetName=IR_8 Pin=P?-13
Added Pin To Net: NetName=IR_7 Pin=P?-14
Added Pin To Net: NetName=IR_10 Pin=P?-15
Added Pin To Net: NetName=IR_9 Pin=P?-16
Added Pin To Net: NetName=IR_12 Pin=P?-17
Added Pin To Net: NetName=IR_11 Pin=P?-18
Added Pin To Net: NetName=IR_14 Pin=P?-19
Added Pin To Net: NetName=IR_13 Pin=P?-20
Added Pin To Net: NetName=IR_16 Pin=P?-21
Added Pin To Net: NetName=IR_15 Pin=P?-22
Added Pin To Net: NetName=IR_18 Pin=P?-23
Added Pin To Net: NetName=IR_17 Pin=P?-24
Added Pin To Net: NetName=IR_20 Pin=P?-25
Added Pin To Net: NetName=IR_19 Pin=P?-26
Added Pin To Net: NetName=IR_22 Pin=P?-27
Added Pin To Net: NetName=IR_21 Pin=P?-28
Added Pin To Net: NetName=IR_24 Pin=P?-29
Added Pin To Net: NetName=IR_23 Pin=P?-30
Added Pin To Net: NetName=+3V3 Pin=P?-31
Added Pin To Net: NetName=IR_25 Pin=P?-32
Added Pin To Net: NetName=DITH/SYNC Pin=P?-33
Added Pin To Net: NetName=DITH/SYNC Pin=P?-34
Added Pin To Net: NetName=FR_ARRAY_EVEN Pin=P?-5
Added Net: Name=FR_ARRAY_EVEN
Added Pin To Net: NetName=FR_ARRAY_ODD Pin=P?-6
Added Net: Name=FR_ARRAY_ODD
Added Member To Class: ClassName=MotorControl Member=Component J? TS-106-G-AA
Added Room: Name=FrontIrArray
Added Room: Name=IMU Unit
Added Room: Name=IrArray
Added Room: Name=MicroController
Added Room: Name=MotorControl
Added Room: Name=PowerManagement
