Add Component: Footprint Not Found CAPC5750X280N
Added Component: Designator=C?(FP-CC0402-MFG)
Add component (AddParameter): Name = "Automotive"; Value = "No"; VariantName = "[No Variations]"
Add component (AddParameter): Name = "Automotive Grade"; Value = "NA"; VariantName = "[No Variations]"
Add component (AddParameter): Name = "Capacitance"; Value = "2.2 nF"; VariantName = "[No Variations]"
Add component (AddParameter): Name = "Category"; Value = "Cap"; VariantName = "[No Variations]"
Add component (AddParameter): Name = "ComponentLink2Description"; Value = "Datasheet"; VariantName = "[No Variations]"
Add component (AddParameter): Name = "ComponentLink2URL"; Value = "http://www.yageo.com/documents/recent/UPY-GP_NP0_16V-to-50V_16.pdf"; VariantName = "[No Variations]"
Add component (AddParameter): Name = "Device Class L1"; Value = "Passive Components"; VariantName = "[No Variations]"
Add component (AddParameter): Name = "Device Class L2"; Value = "Capacitors"; VariantName = "[No Variations]"
Add component (AddParameter): Name = "Device Class L3"; Value = "Ceramic Capacitors"; VariantName = "[No Variations]"
Add component (AddParameter): Name = "Digikey Description"; Value = "CAP CER 2200PF 50V X7R 0402"; VariantName = "[No Variations]"
Add component (AddParameter): Name = "Footprint Url"; Value = "http://www.yageo.com/exep/pages/download/literatures/UPY-C_GEN_24.pdf"; VariantName = "[No Variations]"
Add component (AddParameter): Name = "Height"; Value = "0.55mm"; VariantName = "[No Variations]"
Add component (AddParameter): Name = "Ipc Land Pattern Name"; Value = "CAPC10050X50"; VariantName = "[No Variations]"
Add component (AddParameter): Name = "Lead Free"; Value = "Yes"; VariantName = "[No Variations]"
Add component (AddParameter): Name = "Manufacturer"; Value = "YAGEO"; VariantName = "[No Variations]"
Add component (AddParameter): Name = "Manufacturer Part Number"; Value = "CC0402KRX7R9BB222"; VariantName = "[No Variations]"
Add component (AddParameter): Name = "Material"; Value = "Ceramic"; VariantName = "[No Variations]"
Add component (AddParameter): Name = "Mouser Description"; Value = "Multilayer Ceramic Capacitors MLCC - SMD/SMT 2.2nF 50V X7R 10%"; VariantName = "[No Variations]"
Add component (AddParameter): Name = "Octopart"; Value = "https://octopart.com/cc0402krx7r9bb222-yageo-39467642"; VariantName = "[No Variations]"
Add component (AddParameter): Name = "Package"; Value = "CC0402"; VariantName = "[No Variations]"
Add component (AddParameter): Name = "RoHS"; Value = "TRUE"; VariantName = "[No Variations]"
Add component (AddParameter): Name = "Temperature"; Value = "-55°C to +125°C"; VariantName = "[No Variations]"
Add component (AddParameter): Name = "Temperature Characteristic"; Value = "X7R"; VariantName = "[No Variations]"
Add component (AddParameter): Name = "Temperature Coefficient"; Value = "30ppm/°C"; VariantName = "[No Variations]"
Add component (AddParameter): Name = "Temperature Range High"; Value = "+125°C"; VariantName = "[No Variations]"
Add component (AddParameter): Name = "Temperature Range Low"; Value = "-55°C"; VariantName = "[No Variations]"
Add component (AddParameter): Name = "Tolerance"; Value = "0.1"; VariantName = "[No Variations]"
Add component (AddParameter): Name = "Value"; Value = "2.2 nF"; VariantName = "[No Variations]"
Add component (AddParameter): Name = "Voltage Rating"; Value = "50 V"; VariantName = "[No Variations]"
Added Component: Designator=C?(CAPC1050X55X23ML05T13)
Add component (AddParameter): Name = "Capacitance"; Value = "100nF"; VariantName = "[No Variations]"
Add component (AddParameter): Name = "Case Size/Dimension"; Value = "0402"; VariantName = "[No Variations]"
Add component (AddParameter): Name = "Datasheet URL"; Value = "https://datasheet.ciiva.com/29198/458718-da-01-en-vs-kondensator-0402-29198423.pdf"; VariantName = "[No Variations]"
Add component (AddParameter): Name = "Datasheet Version"; Value = "Nov-10"; VariantName = "[No Variations]"
Add component (AddParameter): Name = "Dielectric"; Value = "X7R"; VariantName = "[No Variations]"
Add component (AddParameter): Name = "Manufacturer"; Value = "Samsung Electro-Mechanics"; VariantName = "[No Variations]"
Add component (AddParameter): Name = "Manufacturer URL"; Value = "http://www.samsungsem.com/global/index.jsp"; VariantName = "[No Variations]"
Add component (AddParameter): Name = "Rated Voltage"; Value = "16V"; VariantName = "[No Variations]"
Add component (AddParameter): Name = "Tolerance (%)"; Value = "±10%"; VariantName = "[No Variations]"
Added Component: Designator=C?(CAPC1050X55X23ML05T13)
Add component (AddParameter): Name = "Capacitance"; Value = "100nF"; VariantName = "[No Variations]"
Add component (AddParameter): Name = "Case Size/Dimension"; Value = "0402"; VariantName = "[No Variations]"
Add component (AddParameter): Name = "Datasheet URL"; Value = "https://datasheet.ciiva.com/29198/458718-da-01-en-vs-kondensator-0402-29198423.pdf"; VariantName = "[No Variations]"
Add component (AddParameter): Name = "Datasheet Version"; Value = "Nov-10"; VariantName = "[No Variations]"
Add component (AddParameter): Name = "Dielectric"; Value = "X7R"; VariantName = "[No Variations]"
Add component (AddParameter): Name = "Manufacturer"; Value = "Samsung Electro-Mechanics"; VariantName = "[No Variations]"
Add component (AddParameter): Name = "Manufacturer URL"; Value = "http://www.samsungsem.com/global/index.jsp"; VariantName = "[No Variations]"
Add component (AddParameter): Name = "Rated Voltage"; Value = "16V"; VariantName = "[No Variations]"
Add component (AddParameter): Name = "Tolerance (%)"; Value = "±10%"; VariantName = "[No Variations]"
Added Component: Designator=C?(FP-CC0402-MFG)
Add component (AddParameter): Name = "Automotive"; Value = "No"; VariantName = "[No Variations]"
Add component (AddParameter): Name = "Automotive Grade"; Value = "NA"; VariantName = "[No Variations]"
Add component (AddParameter): Name = "Capacitance"; Value = "10 nF"; VariantName = "[No Variations]"
Add component (AddParameter): Name = "Category"; Value = "Cap"; VariantName = "[No Variations]"
Add component (AddParameter): Name = "ComponentLink2Description"; Value = "Datasheet"; VariantName = "[No Variations]"
Add component (AddParameter): Name = "ComponentLink2URL"; Value = "http://www.yageo.com/documents/recent/UPY-GP_NP0_16V-to-50V_16.pdf"; VariantName = "[No Variations]"
Add component (AddParameter): Name = "Device Class L1"; Value = "Passive Components"; VariantName = "[No Variations]"
Add component (AddParameter): Name = "Device Class L2"; Value = "Capacitors"; VariantName = "[No Variations]"
Add component (AddParameter): Name = "Device Class L3"; Value = "Ceramic Capacitors"; VariantName = "[No Variations]"
Add component (AddParameter): Name = "Digikey Description"; Value = "CAP CER 10000PF 50V X7R 0402"; VariantName = "[No Variations]"
Add component (AddParameter): Name = "Footprint Url"; Value = "http://www.yageo.com/exep/pages/download/literatures/UPY-C_GEN_24.pdf"; VariantName = "[No Variations]"
Add component (AddParameter): Name = "Height"; Value = "0.55mm"; VariantName = "[No Variations]"
Add component (AddParameter): Name = "Ipc Land Pattern Name"; Value = "CAPC10050X50"; VariantName = "[No Variations]"
Add component (AddParameter): Name = "Lead Free"; Value = "Yes"; VariantName = "[No Variations]"
Add component (AddParameter): Name = "Manufacturer"; Value = "YAGEO"; VariantName = "[No Variations]"
Add component (AddParameter): Name = "Manufacturer Part Number"; Value = "CC0402KRX7R9BB103"; VariantName = "[No Variations]"
Add component (AddParameter): Name = "Material"; Value = "Ceramic"; VariantName = "[No Variations]"
Add component (AddParameter): Name = "Mouser Description"; Value = "0402 10 nF 50 V ±10 % Tolerance X7R SMT Multilayer Ceramic Capacitor"; VariantName = "[No Variations]"
Add component (AddParameter): Name = "Octopart"; Value = "https://octopart.com/cc0402krx7r9bb103-yageo-8376513"; VariantName = "[No Variations]"
Add component (AddParameter): Name = "Package"; Value = "CC0402"; VariantName = "[No Variations]"
Add component (AddParameter): Name = "RoHS"; Value = "TRUE"; VariantName = "[No Variations]"
Add component (AddParameter): Name = "Temperature"; Value = "-55°C to +125°C"; VariantName = "[No Variations]"
Add component (AddParameter): Name = "Temperature Characteristic"; Value = "X7R"; VariantName = "[No Variations]"
Add component (AddParameter): Name = "Temperature Coefficient"; Value = "30ppm/°C"; VariantName = "[No Variations]"
Add component (AddParameter): Name = "Temperature Range High"; Value = "+125°C"; VariantName = "[No Variations]"
Add component (AddParameter): Name = "Temperature Range Low"; Value = "-55°C"; VariantName = "[No Variations]"
Add component (AddParameter): Name = "Tolerance"; Value = "0.1"; VariantName = "[No Variations]"
Add component (AddParameter): Name = "Value"; Value = "10 nF"; VariantName = "[No Variations]"
Add component (AddParameter): Name = "Voltage Rating"; Value = "50 V"; VariantName = "[No Variations]"
Add Component: Footprint Not Found CAPC1005X55N
Add Component: Footprint Not Found CAPC1608X80N
Add Component: Footprint Not Found TPS55288RPMR
Added Component: Designator=J?(BM06BGHSTBTLFSN)
Add component (AddParameter): Name = "Arrow Part Number"; Value = ""; VariantName = "[No Variations]"
Add component (AddParameter): Name = "Arrow Price/Stock"; Value = ""; VariantName = "[No Variations]"
Add component (AddParameter): Name = "Datasheet Link"; Value = "https://datasheet.lcsc.com/szlcsc/2004111131_JST-Sales-America-BM06B-GHS-TBT-LF-SN_C495534.pdf"; VariantName = "[No Variations]"
Add component (AddParameter): Name = "Height"; Value = "4.05mm"; VariantName = "[No Variations]"
Add component (AddParameter): Name = "Manufacturer_Name"; Value = "JST (JAPAN SOLDERLESS TERMINALS)"; VariantName = "[No Variations]"
Add component (AddParameter): Name = "Manufacturer_Part_Number"; Value = "BM06B-GHS-TBT(LF)(SN)"; VariantName = "[No Variations]"
Add component (AddParameter): Name = "Mouser Part Number"; Value = ""; VariantName = "[No Variations]"
Add component (AddParameter): Name = "Mouser Price/Stock"; Value = ""; VariantName = "[No Variations]"
Add Component: Footprint Not Found XAL6030182MEB
Add Component: Footprint Not Found LEDM168X65N
Add Component: Footprint Not Found LEDM168X65N
Add Component: Footprint Not Found LEDM168X65N
Add Component: Footprint Not Found LEDM168X65N
Add Component: Footprint Not Found LEDM168X65N
Add Component: Footprint Not Found LEDM168X65N
Add Component: Footprint Not Found RESC2012X60N
Added Component: Designator=R?(RESC1005X40X25ML05T10)
Add component (AddParameter): Name = "Manufacturer"; Value = "Yageo / Phycomp"; VariantName = "[No Variations]"
Add component (AddParameter): Name = "Part Number"; Value = "RC0402FR-07470RL"; VariantName = "[No Variations]"
Add component (AddParameter): Name = "Resistor"; Value = "470R"; VariantName = "[No Variations]"
Added Component: Designator=R?(RESC1005X40X25ML05T10)
Add component (AddParameter): Name = "Manufacturer"; Value = "Yageo / Phycomp"; VariantName = "[No Variations]"
Add component (AddParameter): Name = "Part Number"; Value = "RC0402FR-07470RL"; VariantName = "[No Variations]"
Add component (AddParameter): Name = "Resistor"; Value = "470R"; VariantName = "[No Variations]"
Added Component: Designator=R?(RESC1005X40X25ML05T10)
Add component (AddParameter): Name = "Manufacturer"; Value = "Yageo / Phycomp"; VariantName = "[No Variations]"
Add component (AddParameter): Name = "Part Number"; Value = "RC0402FR-07470RL"; VariantName = "[No Variations]"
Add component (AddParameter): Name = "Resistor"; Value = "470R"; VariantName = "[No Variations]"
Added Component: Designator=R?(RESC1005X40X25ML05T10)
Add component (AddParameter): Name = "Manufacturer"; Value = "Yageo / Phycomp"; VariantName = "[No Variations]"
Add component (AddParameter): Name = "Part Number"; Value = "RC0402FR-07470RL"; VariantName = "[No Variations]"
Add component (AddParameter): Name = "Resistor"; Value = "470R"; VariantName = "[No Variations]"
Added Component: Designator=R?(RESC1005X40X25ML05T10)
Add component (AddParameter): Name = "Manufacturer"; Value = "Yageo / Phycomp"; VariantName = "[No Variations]"
Add component (AddParameter): Name = "Part Number"; Value = "RC0402FR-07470RL"; VariantName = "[No Variations]"
Add component (AddParameter): Name = "Resistor"; Value = "470R"; VariantName = "[No Variations]"
Added Component: Designator=R?(RESC1005X40X25ML05T10)
Add component (AddParameter): Name = "Manufacturer"; Value = "Yageo / Phycomp"; VariantName = "[No Variations]"
Add component (AddParameter): Name = "Part Number"; Value = "RC0402FR-07470RL"; VariantName = "[No Variations]"
Add component (AddParameter): Name = "Resistor"; Value = "470R"; VariantName = "[No Variations]"
Add Component: Footprint Not Found RESC1005X40N
Added Component: Designator=U?(IS-QFN-24_V)
Add component (AddParameter): Name = "Category"; Value = "Sensors,Transducers"; VariantName = "[No Variations]"
Add component (AddParameter): Name = "Datasheet URL"; Value = "http://datasheet.octopart.com/MPU-6050-InvenSense-datasheet-14421344.pdf"; VariantName = "[No Variations]"
Add component (AddParameter): Name = "Datasheet Version"; Value = "Rev. 3.3, 05/2012"; VariantName = "[No Variations]"
Add component (AddParameter): Name = "Dynamic Catalog"; Value = "MPU-6000™Series"; VariantName = "[No Variations]"
Add component (AddParameter): Name = "Family"; Value = "Multifunction"; VariantName = "[No Variations]"
Add component (AddParameter): Name = "Featured Product"; Value = "MPU-60506-Axis,IntegratedI²CSolution"; VariantName = "[No Variations]"
Add component (AddParameter): Name = "Manufacturer"; Value = "InvenSense"; VariantName = "[No Variations]"
Add component (AddParameter): Name = "Manufacturer URL"; Value = "http://www.invensense.com/"; VariantName = "[No Variations]"
Add component (AddParameter): Name = "Online Catalog"; Value = "MPU-6000™Series"; VariantName = "[No Variations]"
Add component (AddParameter): Name = "Other Names"; Value = "1428-1007-2
MPU6050"; VariantName = "[No Variations]"
Add component (AddParameter): Name = "Output Type"; Value = "Digital"; VariantName = "[No Variations]"
Add component (AddParameter): Name = "Sensor Type"; Value = "MotionTracking"; VariantName = "[No Variations]"
Add component (AddParameter): Name = "Standard Package"; Value = "5,000"; VariantName = "[No Variations]"
Add component (AddParameter): Name = "Unit PriceUSD"; Value = "Digital"; VariantName = "[No Variations]"
Add Pin To Net: Unknown Pin: Pin C5-1
Add Pin To Net: Unknown Pin: Pin C5-2
Added Pin To Net: NetName=+3V3 Pin=C?-1
Added Pin To Net: NetName=DITH/SYNC Pin=C?-1
Added Pin To Net: NetName=DITH/SYNC Pin=C?-1
Added Pin To Net: NetName=+3V3 Pin=C?-2
Added Pin To Net: NetName=DITH/SYNC Pin=C?-2
Added Pin To Net: NetName=DITH/SYNC Pin=C?-2
Add Pin To Net: Unknown Pin: Pin Ccomp-1
Add Pin To Net: Unknown Pin: Pin Ccomp-2
Add Pin To Net: Unknown Pin: Pin Cvcc-1
Add Pin To Net: Unknown Pin: Pin Cvcc-2
Add Pin To Net: Unknown Pin: Pin IC1-1
Add Pin To Net: Unknown Pin: Pin IC1-2
Add Pin To Net: Unknown Pin: Pin IC1-3
Add Pin To Net: Unknown Pin: Pin IC1-4
Add Pin To Net: Unknown Pin: Pin IC1-7
Add Pin To Net: Unknown Pin: Pin IC1-8
Add Pin To Net: Unknown Pin: Pin IC1-9
Add Pin To Net: Unknown Pin: Pin IC1-10
Add Pin To Net: Unknown Pin: Pin IC1-11
Add Pin To Net: Unknown Pin: Pin IC1-12
Add Pin To Net: Unknown Pin: Pin IC1-13
Add Pin To Net: Unknown Pin: Pin IC1-14
Add Pin To Net: Unknown Pin: Pin IC1-15
Add Pin To Net: Unknown Pin: Pin IC1-17
Add Pin To Net: Unknown Pin: Pin IC1-18
Add Pin To Net: Unknown Pin: Pin IC1-19
Add Pin To Net: Unknown Pin: Pin IC1-20
Add Pin To Net: Unknown Pin: Pin IC1-21
Add Pin To Net: Unknown Pin: Pin IC1-22
Add Pin To Net: Unknown Pin: Pin IC1-23
Add Pin To Net: Unknown Pin: Pin IC1-24
Add Pin To Net: Unknown Pin: Pin IC1-25
Add Pin To Net: Unknown Pin: Pin IC1-26
Add Pin To Net: Unknown Pin: Pin IC1-27
Add Pin To Net: Unknown Pin: Pin IC1-28
Add Pin To Net: Unknown Pin: Pin IC1-29
Add Pin To Net: Unknown Pin: Pin IC1-30
Added Pin To Net: NetName=+3V3 Pin=J?-2
Added Pin To Net: NetName=DITH/SYNC Pin=J?-3
Add Pin To Net: Unknown Pin: Pin L1-1
Add Pin To Net: Unknown Pin: Pin L1-2
Add Pin To Net: Unknown Pin: Pin LED?-1
Add Pin To Net: Unknown Pin: Pin LED?-1
Add Pin To Net: Unknown Pin: Pin LED?-1
Add Pin To Net: Unknown Pin: Pin LED?-1
Add Pin To Net: Unknown Pin: Pin LED?-1
Add Pin To Net: Unknown Pin: Pin LED?-1
Add Pin To Net: Unknown Pin: Pin R8-1
Add Pin To Net: Unknown Pin: Pin R8-2
Add Pin To Net: Unknown Pin: Pin Rcomp-1
Add Pin To Net: Unknown Pin: Pin Rcomp-2
Added Pin To Net: NetName=DITH/SYNC Pin=U?-1
Added Pin To Net: NetName=+3V3 Pin=U?-8
Added Pin To Net: NetName=DITH/SYNC Pin=U?-9
Added Pin To Net: NetName=DITH/SYNC Pin=U?-11
Added Pin To Net: NetName=+3V3 Pin=U?-13
Added Pin To Net: NetName=DITH/SYNC Pin=U?-18
Added Pin To Net: NetName=BLU_EN Pin=J?-1
Added Net: Name=BLU_EN
Added Pin To Net: NetName=BLU_RXD Pin=J?-5
Added Net: Name=BLU_RXD
Added Pin To Net: NetName=BLU_STATE Pin=J?-6
Added Net: Name=BLU_STATE
Added Pin To Net: NetName=BLU_TXD Pin=J?-4
Added Net: Name=BLU_TXD
Add Net: Net with name "NetC?_1" already exists
Add Net: Net with name "NetC?_1" already exists
Add Net: Net with name "NetC?_2" already exists
Add Net: Net with name "NetC?_2" already exists
Added Pin To Net: NetName=NetLED?_2 Pin=R?-2
Added Net: Name=NetLED?_2
Add Net: Net with name "NetLED?_2" already exists
Add Net: Net with name "NetLED?_2" already exists
Add Net: Net with name "NetLED?_2" already exists
Add Net: Net with name "NetLED?_2" already exists
Add Net: Net with name "NetLED?_2" already exists
Added Pin To Net: NetName=SCL Pin=U?-23
Added Net: Name=SCL
Added Pin To Net: NetName=SDA Pin=U?-24
Added Net: Name=SDA
Added Class: Name=IMU Unit
Add Class Member: Failed to add class member : Component C5 CGA9P2X7R1E226M250KA
Added Member To Class: ClassName=MotorControl Member=Component C? 10uF
Added Member To Class: ClassName=MotorControl Member=Component C? 10uF
Added Member To Class: ClassName=MotorControl Member=Component C? CL05A106MP5NUNC
Added Member To Class: ClassName=MotorControl Member=Component C? 0.01uF
Added Member To Class: ClassName=MotorControl Member=Component C? 0.01uF
Added Member To Class: ClassName=MotorControl Member=Component C? 1uF
Added Member To Class: ClassName=MotorControl Member=Component C? 0.01uF
Added Member To Class: ClassName=MotorControl Member=Component C? CL05A106MP5NUNC
Add Class Member: Failed to add class member : Component Ccomp GRM155R71C102KA01D
Add Class Member: Failed to add class member : Component Cvcc C1608X6S1C475K080AC
Add Class Member: Failed to add class member : Component IC1 TPS55288RPMR
Added Member To Class: ClassName=MicroController Member=Component J? BM07B-GHS-TBT__LF__SN_
Added Member To Class: ClassName=MicroController Member=Component J? BM07B-GHS-TBT__LF__SN_
Added Member To Class: ClassName=MicroController Member=Component J? BM06B-GHS-TBT_LF__SN_
Added Member To Class: ClassName=MicroController Member=Component J? BM07B-GHS-TBT__LF__SN_
Added Member To Class: ClassName=MicroController Member=Component J? 61300311121
Added Member To Class: ClassName=MicroController Member=Component J? BM06B-GHS-TBT_LF__SN_
Added Member To Class: ClassName=MicroController Member=Component J? BM06B-GHS-TBT_LF__SN_
Added Member To Class: ClassName=MicroController Member=Component J? 61300311121
Added Member To Class: ClassName=MicroController Member=Component J? 61300311121
Added Member To Class: ClassName=MicroController Member=Component J? BM07B-GHS-TBT__LF__SN_
Added Member To Class: ClassName=MicroController Member=Component J? BM06B-GHS-TBT_LF__SN_
Added Member To Class: ClassName=MicroController Member=Component J? BM07B-GHS-TBT__LF__SN_
Added Member To Class: ClassName=MicroController Member=Component J? BM07B-GHS-TBT__LF__SN_
Added Member To Class: ClassName=MicroController Member=Component J? BM06B-GHS-TBT_LF__SN_
Added Member To Class: ClassName=MicroController Member=Component J? 61300311121
Add Class Member: Failed to add class member : Component L1 XAL6030-182MEB
Add Class Member: Failed to add class member : Component LED? SMLD12EN1WT86
Add Class Member: Failed to add class member : Component LED? SMLD12EN1WT86
Add Class Member: Failed to add class member : Component LED? SMLD12EN1WT86
Add Class Member: Failed to add class member : Component LED? SMLD12EN1WT86
Add Class Member: Failed to add class member : Component LED? SMLD12EN1WT86
Add Class Member: Failed to add class member : Component LED? SMLD12EN1WT86
Added Member To Class: ClassName=MicroController Member=Component P? Header 5
Add Class Member: Failed to add class member : Component R8 RT0805BRD0710K4L
Added Member To Class: ClassName=MicroController Member=Component R? RC0402FR-07470RL
Added Member To Class: ClassName=MicroController Member=Component R? RC0402FR-07470RL
Added Member To Class: ClassName=MicroController Member=Component R? RC0402FR-07470RL
Added Member To Class: ClassName=MicroController Member=Component R? RC0402FR-07470RL
Added Member To Class: ClassName=MicroController Member=Component R? RC0402FR-07470RL
Added Member To Class: ClassName=MicroController Member=Component R? RC0402FR-07470RL
Added Member To Class: ClassName=MotorControl Member=Component R? ERJ-3EKF2611V
Added Member To Class: ClassName=MotorControl Member=Component R? ERJ3EKF1002V
Add Class Member: Failed to add class member : Component Rcomp CRCW0402294KFKED
Added Room: Name=BusckBoost
Added Room: Name=IMU Unit
Added Room: Name=MicroController
Added Room: Name=MotorControl
