Removed Pin From Net: NetName=R_IR_7 Pin=J21-1
Removed Pin From Net: NetName=R_IR_6 Pin=J21-2
Removed Pin From Net: NetName=R_IR_5 Pin=J21-3
Removed Pin From Net: NetName=R_IR_4 Pin=J21-4
Removed Pin From Net: NetName=R_IR_3 Pin=J21-5
Removed Pin From Net: NetName=R_IR_2 Pin=J21-6
Removed Pin From Net: NetName=R_IR_1 Pin=J21-7
Removed Pin From Net: NetName=RR_ARRAY_ODD Pin=J21-8
Removed Pin From Net: NetName=RR_ARRAY_EVEN Pin=J21-9
Removed Pin From Net: NetName=+3V3 Pin=J21-10
Removed Pin From Net: NetName=DITH/SYNC Pin=J21-11
Removed Pin From Net: NetName=R_IR_8 Pin=J23-1
Removed Pin From Net: NetName=R_IR_9 Pin=J23-2
Removed Pin From Net: NetName=R_IR_10 Pin=J23-3
Removed Pin From Net: NetName=R_IR_11 Pin=J23-4
Removed Pin From Net: NetName=R_IR_12 Pin=J23-5
Removed Pin From Net: NetName=R_IR_13 Pin=J23-6
Removed Pin From Net: NetName=R_IR_14 Pin=J23-7
Removed Pin From Net: NetName=R_IR_15 Pin=J23-8
Removed Member From Class: ClassName=IrArray Member=J21
Removed Member From Class: ClassName=IrArray Member=J23
Added Component: Designator=P?(61302421021)
Add component (AddParameter): Name = "Color"; Value = "Black"; VariantName = "[No Variations]"
Add component (AddParameter): Name = "Connector Type"; Value = "Male Pin"; VariantName = "[No Variations]"
Add component (AddParameter): Name = "Contact Material"; Value = "Copper"; VariantName = "[No Variations]"
Add component (AddParameter): Name = "Contact Mating Length"; Value = "5.9944mm"; VariantName = "[No Variations]"
Add component (AddParameter): Name = "Contact Plating"; Value = "Gold"; VariantName = "[No Variations]"
Add component (AddParameter): Name = "Contact Resistance"; Value = "20mO"; VariantName = "[No Variations]"
Add component (AddParameter): Name = "Current Rating"; Value = "3A"; VariantName = "[No Variations]"
Add component (AddParameter): Name = "Gender"; Value = "Male"; VariantName = "[No Variations]"
Add component (AddParameter): Name = "Lead Pitch"; Value = "2.54mm"; VariantName = "[No Variations]"
Add component (AddParameter): Name = "Mount"; Value = "Through Hole"; VariantName = "[No Variations]"
Add component (AddParameter): Name = "NexarPartId"; Value = "32855562"; VariantName = "[No Variations]"
Add component (AddParameter): Name = "Number of Contacts"; Value = "24"; VariantName = "[No Variations]"
Add component (AddParameter): Name = "Number of Pins"; Value = "24"; VariantName = "[No Variations]"
Add component (AddParameter): Name = "Number of Positions"; Value = "24"; VariantName = "[No Variations]"
Add component (AddParameter): Name = "Number of Rows"; Value = "2"; VariantName = "[No Variations]"
Add component (AddParameter): Name = "Operating Supply Voltage"; Value = "250V"; VariantName = "[No Variations]"
Add component (AddParameter): Name = "Packaging"; Value = "Bulk"; VariantName = "[No Variations]"
Add component (AddParameter): Name = "Pitch"; Value = "2.54mm"; VariantName = "[No Variations]"
Add component (AddParameter): Name = "REACH SVHC"; Value = "Unknown"; VariantName = "[No Variations]"
Add component (AddParameter): Name = "RoHS"; Value = "Compliant"; VariantName = "[No Variations]"
Add component (AddParameter): Name = "Row Spacing"; Value = "2.54mm"; VariantName = "[No Variations]"
Add component (AddParameter): Name = "Termination"; Value = "Solder"; VariantName = "[No Variations]"
Added Pin To Net: NetName=R_IR_15 Pin=P?-1
Added Pin To Net: NetName=R_IR_13 Pin=P?-3
Added Pin To Net: NetName=R_IR_14 Pin=P?-4
Added Pin To Net: NetName=R_IR_11 Pin=P?-5
Added Pin To Net: NetName=R_IR_12 Pin=P?-6
Added Pin To Net: NetName=R_IR_9 Pin=P?-7
Added Pin To Net: NetName=R_IR_10 Pin=P?-8
Added Pin To Net: NetName=R_IR_7 Pin=P?-9
Added Pin To Net: NetName=R_IR_8 Pin=P?-10
Added Pin To Net: NetName=R_IR_5 Pin=P?-11
Added Pin To Net: NetName=R_IR_6 Pin=P?-12
Added Pin To Net: NetName=R_IR_3 Pin=P?-13
Added Pin To Net: NetName=R_IR_4 Pin=P?-14
Added Pin To Net: NetName=R_IR_1 Pin=P?-15
Added Pin To Net: NetName=R_IR_2 Pin=P?-16
Added Pin To Net: NetName=RR_ARRAY_ODD Pin=P?-17
Added Pin To Net: NetName=RR_ARRAY_EVEN Pin=P?-18
Added Pin To Net: NetName=+3V3 Pin=P?-19
Added Pin To Net: NetName=DITH/SYNC Pin=P?-21
Added Member To Class: ClassName=MotorControl Member=Component J? TS-106-G-AA
Added Member To Class: ClassName=IrArray Member=Component P? 61302421021
Added Room: Name=FrontIrArray
Added Room: Name=IMU Unit
Added Room: Name=IrArray
Added Room: Name=MicroController
Added Room: Name=MotorControl
Added Room: Name=PowerManagement
